{
    "expand": "html",
    "self": "http:\/\/fw02.zend.com\/issues\/rest\/api\/latest\/issue\/ZF-1441",
    "key": "ZF-1441",
    "fields": {
        "summary": {
            "name": "summary",
            "type": "java.lang.String",
            "value": "Zend_Gdata_AppTest failing"
        },
        "timetracking": {
            "name": "timetracking",
            "type": "com.atlassian.jira.issue.fields.TimeTrackingSystemField"
        },
        "issuetype": {
            "name": "issuetype",
            "type": "com.atlassian.jira.issue.issuetype.IssueType",
            "value": {
                "self": "http:\/\/fw02.zend.com\/issues\/rest\/api\/latest\/issueType\/13",
                "name": "Unit Tests: Problem",
                "subtask": false
            }
        },
        "votes": {
            "name": "votes",
            "type": "com.atlassian.jira.issue.fields.VotesSystemField",
            "value": {
                "self": "http:\/\/fw02.zend.com\/issues\/rest\/api\/latest\/issue\/ZF-1441\/votes",
                "votes": 0,
                "hasVoted": false
            }
        },
        "security": {
            "name": "security",
            "type": "com.atlassian.jira.issue.security.IssueSecurityLevel"
        },
        "resolution": {
            "name": "resolution",
            "type": "com.atlassian.jira.issue.resolution.Resolution",
            "value": {
                "self": "http:\/\/fw02.zend.com\/issues\/rest\/api\/latest\/resolution\/1",
                "name": "Fixed"
            }
        },
        "fixVersions": {
            "name": "fixVersions",
            "type": "com.atlassian.jira.project.version.Version",
            "value": [
                {
                    "self": "http:\/\/fw02.zend.com\/issues\/rest\/api\/latest\/version\/10090",
                    "id": 10090,
                    "description": "Release Candidate 2",
                    "name": "1.0.0 RC2",
                    "userReleaseDate": "08\/Jun\/07",
                    "archived": true,
                    "releaseDate": "2007-06-08",
                    "released": true
                }
            ]
        },
        "resolutiondate": {
            "name": "resolutiondate",
            "type": "java.util.Date",
            "value": "2007-06-09T16:31:23.000+0000"
        },
        "reporter": {
            "name": "reporter",
            "type": "com.opensymphony.user.User",
            "value": {
                "self": "http:\/\/fw02.zend.com\/issues\/rest\/api\/latest\/user?username=nohn",
                "name": "nohn",
                "displayName": "Sebastian Nohn",
                "active": true
            }
        },
        "created": {
            "name": "created",
            "type": "java.util.Date",
            "value": "2007-05-28T11:07:17.000+0000"
        },
        "updated": {
            "name": "updated",
            "type": "java.util.Date",
            "value": "2007-07-05T14:44:13.000+0000"
        },
        "customfield_10041": {
            "name": "Tags",
            "type": "com.atlassian.jira.plugin.system.customfieldtypes:labels"
        },
        "description": {
            "name": "description",
            "type": "java.lang.String",
            "value": "1) testImportFile(Zend_Gdata_AppTest)\nZend_Gdata_App_Exception: File could not be loaded: file_get_contents(Zend\/Gdata\/App\/_files\/FeedSample1.xml): failed to open stream: No such fil\ne or directory\n\/home\/sebastian\/Work\/ZendFramework\/tests\/Zend\/Gdata\/AppTest.php:39\n"
        },
        "priority": {
            "name": "priority",
            "type": "com.atlassian.jira.issue.priority.Priority",
            "value": {
                "self": "http:\/\/fw02.zend.com\/issues\/rest\/api\/latest\/priority\/3",
                "name": "Major"
            }
        },
        "duedate": {
            "name": "duedate",
            "type": "java.util.Date"
        },
        "customfield_10022": {
            "name": "Fix Version Priority",
            "type": "com.atlassian.jira.plugin.system.customfieldtypes:select"
        },
        "watcher": {
            "name": "watcher",
            "type": "watcher",
            "value": {
                "self": "http:\/\/fw02.zend.com\/issues\/rest\/api\/latest\/issue\/ZF-1441\/watchers",
                "isWatching": false,
                "watchCount": 2
            }
        },
        "worklog": {
            "name": "worklog",
            "type": "worklog",
            "value": [

            ]
        },
        "status": {
            "name": "status",
            "type": "com.atlassian.jira.issue.status.Status",
            "value": {
                "self": "http:\/\/fw02.zend.com\/issues\/rest\/api\/latest\/status\/5",
                "name": "Resolved"
            }
        },
        "labels": {
            "name": "labels",
            "type": "com.atlassian.jira.issue.label.Label",
            "value": [

            ]
        },
        "assignee": {
            "name": "assignee",
            "type": "com.opensymphony.user.User",
            "value": {
                "self": "http:\/\/fw02.zend.com\/issues\/rest\/api\/latest\/user?username=rboyd",
                "name": "rboyd",
                "displayName": "Ryan Boyd",
                "active": true
            }
        },
        "links": {
            "name": "links",
            "type": "issuelinks",
            "value": [
                {
                    "issueKey": "ZF-1445",
                    "issue": "http:\/\/fw02.zend.com\/issues\/rest\/api\/latest\/issue\/ZF-1445",
                    "type": {
                        "name": "Duplicate",
                        "direction": "INBOUND",
                        "description": "is duplicated by"
                    }
                }
            ]
        },
        "attachment": {
            "name": "attachment",
            "type": "attachment",
            "value": [

            ]
        },
        "sub-tasks": {
            "name": "sub-tasks",
            "type": "issuelinks",
            "value": [

            ]
        },
        "versions": {
            "name": "versions",
            "type": "com.atlassian.jira.project.version.Version",
            "value": [

            ]
        },
        "project": {
            "name": "project",
            "type": "com.atlassian.jira.project.Project",
            "value": {
                "self": "http:\/\/fw02.zend.com\/issues\/rest\/api\/latest\/project\/ZF",
                "key": "ZF",
                "name": "Zend Framework",
                "roles": {

                }
            }
        },
        "components": {
            "name": "components",
            "type": "com.atlassian.jira.bc.project.component.ProjectComponent",
            "value": [
                {
                    "self": "http:\/\/fw02.zend.com\/issues\/rest\/api\/latest\/component\/10088",
                    "id": 10088,
                    "name": "Zend_Gdata",
                    "description": "Class interface to Google Data API's.",
                    "isAssigneeTypeValid": false
                }
            ]
        },
        "comment": {
            "name": "comment",
            "type": "com.atlassian.jira.issue.fields.CommentSystemField",
            "value": [
                {
                    "self": "http:\/\/fw02.zend.com\/issues\/rest\/api\/latest\/comment\/14821",
                    "author": {
                        "self": "http:\/\/fw02.zend.com\/issues\/rest\/api\/latest\/user?username=bkarwin",
                        "name": "bkarwin",
                        "displayName": "Bill Karwin",
                        "active": true
                    },
                    "body": "This should be fixed as of the svn revision 5036.  Sebastian, can you svn update and confirm the results?",
                    "updateAuthor": {
                        "self": "http:\/\/fw02.zend.com\/issues\/rest\/api\/latest\/user?username=bkarwin",
                        "name": "bkarwin",
                        "displayName": "Bill Karwin",
                        "active": true
                    },
                    "created": "2007-05-28T12:12:55.000+0000",
                    "updated": "2007-05-28T12:12:55.000+0000"
                },
                {
                    "self": "http:\/\/fw02.zend.com\/issues\/rest\/api\/latest\/comment\/14823",
                    "author": {
                        "self": "http:\/\/fw02.zend.com\/issues\/rest\/api\/latest\/user?username=nohn",
                        "name": "nohn",
                        "displayName": "Sebastian Nohn",
                        "active": true
                    },
                    "body": "Sorry, not fixed (SVN rev 5040)\n\nThe _files directory is completely missing:\n\n$ ls library\/Zend\/Gdata\/App -la\ntotal 96\ndrwxr-xr-x 4 sebastian users  4096 2007-05-28 18:06 .\ndrwxr-xr-x 7 sebastian users  4096 2007-05-28 18:06 ..\n-rw-r--r-- 1 sebastian users  1148 2007-05-28 18:06 AuthException.php\n-rw-r--r-- 1 sebastian users  1165 2007-05-28 18:06 BadMethodCallException.php\n-rw-r--r-- 1 sebastian users 11622 2007-05-28 18:06 Base.php\n-rw-r--r-- 1 sebastian users 10776 2007-05-28 18:06 Entry.php\n-rw-r--r-- 1 sebastian users  1123 2007-05-28 18:06 Exception.php\ndrwxr-xr-x 3 sebastian users  4096 2007-05-28 18:06 Extension\n-rw-r--r-- 1 sebastian users   829 2007-05-28 18:06 Extension.php\n-rw-r--r-- 1 sebastian users 12058 2007-05-28 18:06 FeedEntryParent.php\n-rw-r--r-- 1 sebastian users  6063 2007-05-28 18:06 Feed.php\n-rw-r--r-- 1 sebastian users  6630 2007-05-28 18:06 FeedSourceParent.php\n-rw-r--r-- 1 sebastian users  1953 2007-05-28 18:06 HttpException.php\n-rw-r--r-- 1 sebastian users  1159 2007-05-28 18:06 InvalidArgumentException.php\ndrwxr-xr-x 6 sebastian users  4096 2007-05-28 19:33 .svn\n-rw-r--r-- 1 sebastian users  1683 2007-05-28 18:06 Util.php\n",
                    "updateAuthor": {
                        "self": "http:\/\/fw02.zend.com\/issues\/rest\/api\/latest\/user?username=nohn",
                        "name": "nohn",
                        "displayName": "Sebastian Nohn",
                        "active": true
                    },
                    "created": "2007-05-28T12:29:24.000+0000",
                    "updated": "2007-05-28T12:29:24.000+0000"
                },
                {
                    "self": "http:\/\/fw02.zend.com\/issues\/rest\/api\/latest\/comment\/14825",
                    "author": {
                        "self": "http:\/\/fw02.zend.com\/issues\/rest\/api\/latest\/user?username=bkarwin",
                        "name": "bkarwin",
                        "displayName": "Bill Karwin",
                        "active": true
                    },
                    "body": "http:\/\/framework.zend.com\/fisheye\/browse\/Zend_Framework\/trunk\/tests\/Zend\/Gdata\/App\/_files\n\nThe Fisheye link above shows that the _files directory exists, and files under it were checked in by revision 5036.",
                    "updateAuthor": {
                        "self": "http:\/\/fw02.zend.com\/issues\/rest\/api\/latest\/user?username=bkarwin",
                        "name": "bkarwin",
                        "displayName": "Bill Karwin",
                        "active": true
                    },
                    "created": "2007-05-28T13:55:41.000+0000",
                    "updated": "2007-05-28T13:55:41.000+0000"
                },
                {
                    "self": "http:\/\/fw02.zend.com\/issues\/rest\/api\/latest\/comment\/14827",
                    "author": {
                        "self": "http:\/\/fw02.zend.com\/issues\/rest\/api\/latest\/user?username=nohn",
                        "name": "nohn",
                        "displayName": "Sebastian Nohn",
                        "active": true
                    },
                    "body": "Ah. I was looking under library\/Zend\/Gdata\/....\n\nHowever, the test still fail with SVN rev 5042:\n\n1) testImportFile(Zend_Gdata_AppTest)\nZend_Gdata_App_Exception: File could not be loaded: file_get_contents(Zend\/Gdata\n\/App\/_files\/FeedSample1.xml): failed to open stream: No such file or directory\n\/home\/sebastian\/Work\/ZendFramework\/tests\/Zend\/Gdata\/AppTest.php:39\n\nThere are also some warnings during test execution:\n\nWarning: file_get_contents(Zend\/Gdata\/Spreadsheets\/_files\/TestDataSpreadsheetFeedSample1.xml): failed to open stream: No such file or directory in \/home\/sebastian\/Work\/ZendF\nramework\/tests\/Zend\/Gdata\/Spreadsheets\/SpreadsheetFeedTest.php on line 35\n\nCall Stack:\n    0.0002      53048   1. {main}() \/opt\/php\/bin\/phpunit:0\n    0.0313     168772   2. require('\/opt\/php\/lib\/php\/PHPUnit\/TextUI\/Command.php') \/opt\/php\/bin\/phpunit:44\n    0.2228    2696028   3. PHPUnit_TextUI_Command::main() \/opt\/php\/lib\/php\/PHPUnit\/TextUI\/Command.php:401\n    6.0813   58475308   4. PHPUnit_TextUI_TestRunner->doRun() \/opt\/php\/lib\/php\/PHPUnit\/TextUI\/Command.php:100\n    6.0815   58476216   5. PHPUnit_Framework_TestSuite->run() \/opt\/php\/lib\/php\/PHPUnit\/TextUI\/TestRunner.php:247\n    6.0816   58476216   6. PHPUnit_Framework_TestSuite->run() \/opt\/php\/lib\/php\/PHPUnit\/Framework\/TestSuite.php:478\n   31.2594   67564760   7. PHPUnit_Framework_TestSuite->run() \/opt\/php\/lib\/php\/PHPUnit\/Framework\/TestSuite.php:478\n   31.3626   67770948   8. PHPUnit_Framework_TestSuite->run() \/opt\/php\/lib\/php\/PHPUnit\/Framework\/TestSuite.php:478\n   31.3627   67770948   9. PHPUnit_Framework_TestSuite->runTest() \/opt\/php\/lib\/php\/PHPUnit\/Framework\/TestSuite.php:491\n   31.3627   67770948  10. PHPUnit_Framework_TestCase->run() \/opt\/php\/lib\/php\/PHPUnit\/Framework\/TestSuite.php:510\n   31.3627   67770948  11. PHPUnit_Framework_TestResult->run() \/opt\/php\/lib\/php\/PHPUnit\/Framework\/TestCase.php:223\n   31.3628   67770948  12. PHPUnit_Framework_TestCase->runBare() \/opt\/php\/lib\/php\/PHPUnit\/Framework\/TestResult.php:529\n   31.3628   67770948  13. Zend_Gdata_Spreadsheets_SpreadsheetFeedTest->setUp() \/opt\/php\/lib\/php\/PHPUnit\/Framework\/TestCase.php:239\n   31.3628   67771716  14. file_get_contents() \/home\/sebastian\/Work\/ZendFramework\/tests\/Zend\/Gdata\/Spreadsheets\/SpreadsheetFeedTest.php:35\n\nWarning: file_get_contents(Zend\/Gdata\/Spreadsheets\/_files\/TestDataWorksheetFeedSample1.xml): failed to open stream: No such file or directory in \/home\/sebastian\/Work\/ZendFra\nmework\/tests\/Zend\/Gdata\/Spreadsheets\/WorksheetFeedTest.php on line 35\n\nCall Stack:\n    0.0002      53048   1. {main}() \/opt\/php\/bin\/phpunit:0\n    0.0313     168772   2. require('\/opt\/php\/lib\/php\/PHPUnit\/TextUI\/Command.php') \/opt\/php\/bin\/phpunit:44\n    0.2228    2696028   3. PHPUnit_TextUI_Command::main() \/opt\/php\/lib\/php\/PHPUnit\/TextUI\/Command.php:401\n    6.0813   58475308   4. PHPUnit_TextUI_TestRunner->doRun() \/opt\/php\/lib\/php\/PHPUnit\/TextUI\/Command.php:100\n    6.0815   58476216   5. PHPUnit_Framework_TestSuite->run() \/opt\/php\/lib\/php\/PHPUnit\/TextUI\/TestRunner.php:247\n    6.0816   58476216   6. PHPUnit_Framework_TestSuite->run() \/opt\/php\/lib\/php\/PHPUnit\/Framework\/TestSuite.php:478\n   31.2594   67564760   7. PHPUnit_Framework_TestSuite->run() \/opt\/php\/lib\/php\/PHPUnit\/Framework\/TestSuite.php:478\n   31.3638   67775944   8. PHPUnit_Framework_TestSuite->run() \/opt\/php\/lib\/php\/PHPUnit\/Framework\/TestSuite.php:478\n   31.3639   67775944   9. PHPUnit_Framework_TestSuite->runTest() \/opt\/php\/lib\/php\/PHPUnit\/Framework\/TestSuite.php:491\n   31.3639   67775944  10. PHPUnit_Framework_TestCase->run() \/opt\/php\/lib\/php\/PHPUnit\/Framework\/TestSuite.php:510\n   31.3639   67775944  11. PHPUnit_Framework_TestResult->run() \/opt\/php\/lib\/php\/PHPUnit\/Framework\/TestCase.php:223\n   31.3640   67775944  12. PHPUnit_Framework_TestCase->runBare() \/opt\/php\/lib\/php\/PHPUnit\/Framework\/TestResult.php:529\n   31.3640   67775944  13. Zend_Gdata_Spreadsheets_WorksheetFeedTest->setUp() \/opt\/php\/lib\/php\/PHPUnit\/Framework\/TestCase.php:239\n   31.3640   67776988  14. file_get_contents() \/home\/sebastian\/Work\/ZendFramework\/tests\/Zend\/Gdata\/Spreadsheets\/WorksheetFeedTest.php:35\n\nWarning: file_get_contents(Zend\/Gdata\/Spreadsheets\/_files\/TestDataCellFeedSample1.xml): failed to open stream: No such file or directory in \/home\/sebastian\/Work\/ZendFramewor\nk\/tests\/Zend\/Gdata\/Spreadsheets\/CellFeedTest.php on line 35\n\nCall Stack:\n    0.0002      53048   1. {main}() \/opt\/php\/bin\/phpunit:0\n    0.0313     168772   2. require('\/opt\/php\/lib\/php\/PHPUnit\/TextUI\/Command.php') \/opt\/php\/bin\/phpunit:44\n    0.2228    2696028   3. PHPUnit_TextUI_Command::main() \/opt\/php\/lib\/php\/PHPUnit\/TextUI\/Command.php:401\n    6.0813   58475308   4. PHPUnit_TextUI_TestRunner->doRun() \/opt\/php\/lib\/php\/PHPUnit\/TextUI\/Command.php:100\n    6.0815   58476216   5. PHPUnit_Framework_TestSuite->run() \/opt\/php\/lib\/php\/PHPUnit\/TextUI\/TestRunner.php:247\n    6.0816   58476216   6. PHPUnit_Framework_TestSuite->run() \/opt\/php\/lib\/php\/PHPUnit\/Framework\/TestSuite.php:478\n   31.2594   67564760   7. PHPUnit_Framework_TestSuite->run() \/opt\/php\/lib\/php\/PHPUnit\/Framework\/TestSuite.php:478\n   31.3650   67780984   8. PHPUnit_Framework_TestSuite->run() \/opt\/php\/lib\/php\/PHPUnit\/Framework\/TestSuite.php:478\n   31.3650   67780984   9. PHPUnit_Framework_TestSuite->runTest() \/opt\/php\/lib\/php\/PHPUnit\/Framework\/TestSuite.php:491\n   31.3650   67780984  10. PHPUnit_Framework_TestCase->run() \/opt\/php\/lib\/php\/PHPUnit\/Framework\/TestSuite.php:510\n   31.3650   67780984  11. PHPUnit_Framework_TestResult->run() \/opt\/php\/lib\/php\/PHPUnit\/Framework\/TestCase.php:223\n   31.3651   67780984  12. PHPUnit_Framework_TestCase->runBare() \/opt\/php\/lib\/php\/PHPUnit\/Framework\/TestResult.php:529\n   31.3651   67780984  13. Zend_Gdata_Spreadsheets_CellFeedTest->setUp() \/opt\/php\/lib\/php\/PHPUnit\/Framework\/TestCase.php:239\n   31.3651   67781896  14. file_get_contents() \/home\/sebastian\/Work\/ZendFramework\/tests\/Zend\/Gdata\/Spreadsheets\/CellFeedTest.php:35\n\nWarning: file_get_contents(Zend\/Gdata\/Spreadsheets\/_files\/TestDataCellFeedSample1.xml): failed to open stream: No such file or directory in \/home\/sebastian\/Work\/ZendFramewor\nk\/tests\/Zend\/Gdata\/Spreadsheets\/CellFeedTest.php on line 35\n\nCall Stack:\n    0.0002      53048   1. {main}() \/opt\/php\/bin\/phpunit:0\n    0.0313     168772   2. require('\/opt\/php\/lib\/php\/PHPUnit\/TextUI\/Command.php') \/opt\/php\/bin\/phpunit:44\n    0.2228    2696028   3. PHPUnit_TextUI_Command::main() \/opt\/php\/lib\/php\/PHPUnit\/TextUI\/Command.php:401\n    6.0813   58475308   4. PHPUnit_TextUI_TestRunner->doRun() \/opt\/php\/lib\/php\/PHPUnit\/TextUI\/Command.php:100\n    6.0815   58476216   5. PHPUnit_Framework_TestSuite->run() \/opt\/php\/lib\/php\/PHPUnit\/TextUI\/TestRunner.php:247\n    6.0816   58476216   6. PHPUnit_Framework_TestSuite->run() \/opt\/php\/lib\/php\/PHPUnit\/Framework\/TestSuite.php:478\n   31.2594   67564760   7. PHPUnit_Framework_TestSuite->run() \/opt\/php\/lib\/php\/PHPUnit\/Framework\/TestSuite.php:478\n   31.3650   67780984   8. PHPUnit_Framework_TestSuite->run() \/opt\/php\/lib\/php\/PHPUnit\/Framework\/TestSuite.php:478\n   31.3665   67829128   9. PHPUnit_Framework_TestSuite->runTest() \/opt\/php\/lib\/php\/PHPUnit\/Framework\/TestSuite.php:491\n   31.3665   67829128  10. PHPUnit_Framework_TestCase->run() \/opt\/php\/lib\/php\/PHPUnit\/Framework\/TestSuite.php:510\n   31.3665   67829128  11. PHPUnit_Framework_TestResult->run() \/opt\/php\/lib\/php\/PHPUnit\/Framework\/TestCase.php:223\n   31.3666   67829348  12. PHPUnit_Framework_TestCase->runBare() \/opt\/php\/lib\/php\/PHPUnit\/Framework\/TestResult.php:529\n   31.3666   67829348  13. Zend_Gdata_Spreadsheets_CellFeedTest->setUp() \/opt\/php\/lib\/php\/PHPUnit\/Framework\/TestCase.php:239\n   31.3666   67830952  14. file_get_contents() \/home\/sebastian\/Work\/ZendFramework\/tests\/Zend\/Gdata\/Spreadsheets\/CellFeedTest.php:35\n\nWarning: file_get_contents(Zend\/Gdata\/Spreadsheets\/_files\/TestDataListFeedSample1.xml): failed to open stream: No such file or directory in \/home\/sebastian\/Work\/ZendFramewor\nk\/tests\/Zend\/Gdata\/Spreadsheets\/ListFeedTest.php on line 35\n\nCall Stack:\n    0.0002      53048   1. {main}() \/opt\/php\/bin\/phpunit:0\n    0.0313     168772   2. require('\/opt\/php\/lib\/php\/PHPUnit\/TextUI\/Command.php') \/opt\/php\/bin\/phpunit:44\n    0.2228    2696028   3. PHPUnit_TextUI_Command::main() \/opt\/php\/lib\/php\/PHPUnit\/TextUI\/Command.php:401\n    6.0813   58475308   4. PHPUnit_TextUI_TestRunner->doRun() \/opt\/php\/lib\/php\/PHPUnit\/TextUI\/Command.php:100\n    6.0815   58476216   5. PHPUnit_Framework_TestSuite->run() \/opt\/php\/lib\/php\/PHPUnit\/TextUI\/TestRunner.php:247\n    6.0816   58476216   6. PHPUnit_Framework_TestSuite->run() \/opt\/php\/lib\/php\/PHPUnit\/Framework\/TestSuite.php:478\n   31.2594   67564760   7. PHPUnit_Framework_TestSuite->run() \/opt\/php\/lib\/php\/PHPUnit\/Framework\/TestSuite.php:478\n   31.3674   67835852   8. PHPUnit_Framework_TestSuite->run() \/opt\/php\/lib\/php\/PHPUnit\/Framework\/TestSuite.php:478\n   31.3675   67835852   9. PHPUnit_Framework_TestSuite->runTest() \/opt\/php\/lib\/php\/PHPUnit\/Framework\/TestSuite.php:491\n   31.3675   67835852  10. PHPUnit_Framework_TestCase->run() \/opt\/php\/lib\/php\/PHPUnit\/Framework\/TestSuite.php:510\n   31.3675   67835852  11. PHPUnit_Framework_TestResult->run() \/opt\/php\/lib\/php\/PHPUnit\/Framework\/TestCase.php:223\n   31.3676   67835888  12. PHPUnit_Framework_TestCase->runBare() \/opt\/php\/lib\/php\/PHPUnit\/Framework\/TestResult.php:529\n   31.3676   67835888  13. Zend_Gdata_Spreadsheets_ListFeedTest->setUp() \/opt\/php\/lib\/php\/PHPUnit\/Framework\/TestCase.php:239\n   31.3676   67838112  14. file_get_contents() \/home\/sebastian\/Work\/ZendFramework\/tests\/Zend\/Gdata\/Spreadsheets\/ListFeedTest.php:35\n",
                    "updateAuthor": {
                        "self": "http:\/\/fw02.zend.com\/issues\/rest\/api\/latest\/user?username=nohn",
                        "name": "nohn",
                        "displayName": "Sebastian Nohn",
                        "active": true
                    },
                    "created": "2007-05-29T01:02:34.000+0000",
                    "updated": "2007-05-29T01:02:34.000+0000"
                },
                {
                    "self": "http:\/\/fw02.zend.com\/issues\/rest\/api\/latest\/comment\/14851",
                    "author": {
                        "self": "http:\/\/fw02.zend.com\/issues\/rest\/api\/latest\/user?username=bkarwin",
                        "name": "bkarwin",
                        "displayName": "Bill Karwin",
                        "active": true
                    },
                    "body": "Your errors indicate that four files are missing under tests\/Zend\/Gdata\/Spreadsheets\/_files:\n\n- TestDataCellFeedSample1.xml\n- TestDataListFeedSample1.xml\n- TestDataSpreadsheetFeedSample1.xml\n- TestDataWorksheetFeedSample1.xml\n\nHowever, the files do exist, as seen in this fisheye link:\nhttp:\/\/framework.zend.com\/fisheye\/browse\/Zend_Framework\/trunk\/tests\/Zend\/Gdata\/Spreadsheets\/_files\n\nThey were added in revision 5025.",
                    "updateAuthor": {
                        "self": "http:\/\/fw02.zend.com\/issues\/rest\/api\/latest\/user?username=bkarwin",
                        "name": "bkarwin",
                        "displayName": "Bill Karwin",
                        "active": true
                    },
                    "created": "2007-05-29T20:09:06.000+0000",
                    "updated": "2007-05-29T20:09:06.000+0000"
                },
                {
                    "self": "http:\/\/fw02.zend.com\/issues\/rest\/api\/latest\/comment\/14852",
                    "author": {
                        "self": "http:\/\/fw02.zend.com\/issues\/rest\/api\/latest\/user?username=nohn",
                        "name": "nohn",
                        "displayName": "Sebastian Nohn",
                        "active": true
                    },
                    "body": "$ svn up\nAt revision 5056.\n$ ls -la tests\/Zend\/Gdata\/Spreadsheets\/_files\ntotal 28\ndrwxr-xr-x 3 sebastian users 4096 2007-05-28 18:06 .\ndrwxr-xr-x 4 sebastian users 4096 2007-05-28 18:06 ..\ndrwxr-xr-x 6 sebastian users 4096 2007-05-30 07:57 .svn\n-rw-r--r-- 1 sebastian users 2559 2007-05-28 18:06 TestDataCellFeedSample1.xml\n-rw-r--r-- 1 sebastian users 2766 2007-05-28 18:06 TestDataListFeedSample1.xml\n-rw-r--r-- 1 sebastian users 1782 2007-05-28 18:06 TestDataSpreadsheetFeedSample1.xml\n-rw-r--r-- 1 sebastian users 1806 2007-05-28 18:06 TestDataWorksheetFeedSample1.xml\n$ phpunit -d include_path=.:library\/:incubator\/library\/:tests\/:\/opt\/php\/lib\/php AllTests tests\/AllTests.php\n\n[....]\n\nThere were 2 errors:\n\n1) testImportFile(Zend_Gdata_AppTest)\nZend_Gdata_App_Exception: File could not be loaded: file_get_contents(Zend\/Gdata\/App\/_files\/FeedSample1.xml): failed to open stream: No such file or directory\n\/home\/sebastian\/Work\/ZendFramework\/tests\/Zend\/Gdata\/AppTest.php:39\n\n[...]\n\nThere were 3 failures:\n\n1) testToAndFromString(Zend_Gdata_Spreadsheets_CellFeedTest)\nFailed asserting that <boolean:false> is identical to <boolean:true>.\n\/home\/sebastian\/Work\/ZendFramework\/tests\/Zend\/Gdata\/Spreadsheets\/CellFeedTest.ph   p:46\n\n[....]\n\n\nHowever, these tests pass, if the testsuite is executed under the tests directory:\n\n$ phpunit -d include_path=..\/:..\/library\/:..\/incubator\/library\/:\/opt\/php\/lib\/php AllTests AllTests.php\n\nWhich I think is because file_get_contents() is not determining the current path correctly",
                    "updateAuthor": {
                        "self": "http:\/\/fw02.zend.com\/issues\/rest\/api\/latest\/user?username=nohn",
                        "name": "nohn",
                        "displayName": "Sebastian Nohn",
                        "active": true
                    },
                    "created": "2007-05-30T01:06:38.000+0000",
                    "updated": "2007-05-30T01:06:38.000+0000"
                },
                {
                    "self": "http:\/\/fw02.zend.com\/issues\/rest\/api\/latest\/comment\/14956",
                    "author": {
                        "self": "http:\/\/fw02.zend.com\/issues\/rest\/api\/latest\/user?username=rboyd",
                        "name": "rboyd",
                        "displayName": "Ryan Boyd",
                        "active": true
                    },
                    "body": "Yep, testImportFile() is testing Zend_Gdata_App::importFile, which does not pass the boolean argument to file_get_contents to indicate that the include path should be searched.\n\nI'm not quite sure whether Zend_Gdata_App::importFile should search the include path -- I tend to think that it shouldn't .  Nonetheless, the tests should surely pass :) -- so, I'm trying to think of a way to solve this.  \n\nIs there a function which searches the include path for a particular file and returns the file location?  I could use the output of that function in testImportFile() as the input to Zend_Gdata_App::importFile\n\nCheers,\n-Ryan",
                    "updateAuthor": {
                        "self": "http:\/\/fw02.zend.com\/issues\/rest\/api\/latest\/user?username=rboyd",
                        "name": "rboyd",
                        "displayName": "Ryan Boyd",
                        "active": true
                    },
                    "created": "2007-06-04T20:54:03.000+0000",
                    "updated": "2007-06-04T20:54:03.000+0000"
                },
                {
                    "self": "http:\/\/fw02.zend.com\/issues\/rest\/api\/latest\/comment\/14977",
                    "author": {
                        "self": "http:\/\/fw02.zend.com\/issues\/rest\/api\/latest\/user?username=tjohns",
                        "name": "tjohns",
                        "displayName": "Trevor Johns",
                        "active": true
                    },
                    "body": "bq. Is there a function which searches the include path for a particular file and returns the file location? I could use the output of that function in testImportFile() as the input to Zend_Gdata_App::importFile\n\nThere's {{stream_resolve_include_path()}}, but that won't be available until PHP 6 is released. You could request the include path from PHP and check each directory for the file, but that's really a hack.\n\nA more elegant solution would be to add an optional third parameter to {{importFile()}} that tells it to use the include path, then just pass that parameter on to {{file_get_contents()}}. That's how most of PHP's built in file handling functions address this.",
                    "updateAuthor": {
                        "self": "http:\/\/fw02.zend.com\/issues\/rest\/api\/latest\/user?username=tjohns",
                        "name": "tjohns",
                        "displayName": "Trevor Johns",
                        "active": true
                    },
                    "created": "2007-06-06T20:44:53.000+0000",
                    "updated": "2007-06-06T20:44:53.000+0000"
                },
                {
                    "self": "http:\/\/fw02.zend.com\/issues\/rest\/api\/latest\/comment\/15043",
                    "author": {
                        "self": "http:\/\/fw02.zend.com\/issues\/rest\/api\/latest\/user?username=rboyd",
                        "name": "rboyd",
                        "displayName": "Ryan Boyd",
                        "active": true
                    },
                    "body": "Fixed in SVN commit 5162.\n\nUpdated Zend_Gdata_App::importFile to accept an argument as to whether to search the include path for the file specified.  Also, updated the AppTest::testImportFile to pass 'true' for the new parameter, indicating the include path should be searched for the specified file.",
                    "updateAuthor": {
                        "self": "http:\/\/fw02.zend.com\/issues\/rest\/api\/latest\/user?username=rboyd",
                        "name": "rboyd",
                        "displayName": "Ryan Boyd",
                        "active": true
                    },
                    "created": "2007-06-09T16:31:23.000+0000",
                    "updated": "2007-06-09T16:31:23.000+0000"
                }
            ]
        }
    },
    "transitions": "http:\/\/fw02.zend.com\/issues\/rest\/api\/latest\/issue\/ZF-1441\/transitions"
}