{
    "expand": "html",
    "self": "http:\/\/fw02.zend.com\/issues\/rest\/api\/latest\/issue\/ZF-2629",
    "key": "ZF-2629",
    "fields": {
        "summary": {
            "name": "summary",
            "type": "java.lang.String",
            "value": "Unittests problem with Session namespace"
        },
        "timetracking": {
            "name": "timetracking",
            "type": "com.atlassian.jira.issue.fields.TimeTrackingSystemField",
            "value": {
                "timeestimate": 0,
                "timespent": 15
            }
        },
        "issuetype": {
            "name": "issuetype",
            "type": "com.atlassian.jira.issue.issuetype.IssueType",
            "value": {
                "self": "http:\/\/fw02.zend.com\/issues\/rest\/api\/latest\/issueType\/13",
                "name": "Unit Tests: Problem",
                "subtask": false
            }
        },
        "votes": {
            "name": "votes",
            "type": "com.atlassian.jira.issue.fields.VotesSystemField",
            "value": {
                "self": "http:\/\/fw02.zend.com\/issues\/rest\/api\/latest\/issue\/ZF-2629\/votes",
                "votes": 0,
                "hasVoted": false
            }
        },
        "security": {
            "name": "security",
            "type": "com.atlassian.jira.issue.security.IssueSecurityLevel"
        },
        "resolution": {
            "name": "resolution",
            "type": "com.atlassian.jira.issue.resolution.Resolution",
            "value": {
                "self": "http:\/\/fw02.zend.com\/issues\/rest\/api\/latest\/resolution\/1",
                "name": "Fixed"
            }
        },
        "fixVersions": {
            "name": "fixVersions",
            "type": "com.atlassian.jira.project.version.Version",
            "value": [
                {
                    "self": "http:\/\/fw02.zend.com\/issues\/rest\/api\/latest\/version\/10240",
                    "id": 10240,
                    "description": "Minor Release",
                    "name": "1.6.0",
                    "userReleaseDate": "02\/Sep\/08",
                    "archived": false,
                    "releaseDate": "2008-09-02",
                    "released": true
                }
            ]
        },
        "resolutiondate": {
            "name": "resolutiondate",
            "type": "java.util.Date",
            "value": "2008-07-10T01:55:39.000+0000"
        },
        "reporter": {
            "name": "reporter",
            "type": "com.opensymphony.user.User",
            "value": {
                "self": "http:\/\/fw02.zend.com\/issues\/rest\/api\/latest\/user?username=thomas",
                "name": "thomas",
                "displayName": "Thomas Weidner",
                "active": true
            }
        },
        "created": {
            "name": "created",
            "type": "java.util.Date",
            "value": "2008-02-12T16:34:06.000+0000"
        },
        "updated": {
            "name": "updated",
            "type": "java.util.Date",
            "value": "2008-09-02T10:39:26.000+0000"
        },
        "customfield_10041": {
            "name": "Tags",
            "type": "com.atlassian.jira.plugin.system.customfieldtypes:labels"
        },
        "description": {
            "name": "description",
            "type": "java.lang.String",
            "value": "Problem running Unittests for Zend_Session:\n\n{code}\nC:\\Voxtronic\\3rdParty\\Zend Framework\\tests>phpunit --verbose Zend_Session_AllTests\nPHPUnit 3.2.7 by Sebastian Bergmann.\n\nZend Framework - Zend_Session\n Zend_SessionTest\n .......................FFFFIF\n\n\nTime: 02:25\n\nThere were 5 failures:\n\n1) testSetExpirationSeconds(Zend_SessionTest)\niteration over default Zend_Session namespace failed; expecting result === ';a =\n== apple;o === orange;p === pear', but got ''\nFailed asserting that <boolean:false> is true.\nC:\\Voxtronic\\3rdParty\\Zend Framework\\tests\\Zend\\Session\\SessionTest.php:764\n\n2) testSetExpireSessionHops(Zend_SessionTest)\niteration over default Zend_Session namespace failed (result=''; hop #1)\nFailed asserting that <boolean:false> is true.\nC:\\Voxtronic\\3rdParty\\Zend Framework\\tests\\Zend\\Session\\SessionTest.php:815\n\n3) testSetExpireSessionVarsByHops1(Zend_SessionTest)\niteration over named Zend_Session namespace failed (result=''; hop #1)\nFailed asserting that <boolean:false> is true.\nC:\\Voxtronic\\3rdParty\\Zend Framework\\tests\\Zend\\Session\\SessionTest.php:866\nC:\\Voxtronic\\3rdParty\\Zend Framework\\tests\\Zend\\Session\\SessionTest.php:828\n\n4) testSetExpireSessionVarsByHops2(Zend_SessionTest)\niteration over named Zend_Session namespace failed (result=''; hop #1)\nFailed asserting that <boolean:false> is true.\nC:\\Voxtronic\\3rdParty\\Zend Framework\\tests\\Zend\\Session\\SessionTest.php:866\nC:\\Voxtronic\\3rdParty\\Zend Framework\\tests\\Zend\\Session\\SessionTest.php:838\n\n5) testSetExpireSessionVarsByHopsOnUse(Zend_SessionTest)\nunexpected results iterating over named Zend_Session namespace (result=''; expec\nted ';g === guava;p === plum'; hop #1)\nFailed asserting that <boolean:false> is true.\nC:\\Voxtronic\\3rdParty\\Zend Framework\\tests\\Zend\\Session\\SessionTest.php:928\n\n--\n\nThere was 1 incomplete test:\n\n1) testArrays(Zend_SessionTest)\nC:\\Voxtronic\\3rdParty\\Zend Framework\\tests\\Zend\\Session\\SessionTest.php:879\n\nFAILURES!\nTests: 29, Failures: 5, Incomplete: 1.\n{code}\n\nTestbed:\nWindowsXP, PHP 5.2.5, Standard installation\n"
        },
        "priority": {
            "name": "priority",
            "type": "com.atlassian.jira.issue.priority.Priority",
            "value": {
                "self": "http:\/\/fw02.zend.com\/issues\/rest\/api\/latest\/priority\/3",
                "name": "Major"
            }
        },
        "duedate": {
            "name": "duedate",
            "type": "java.util.Date"
        },
        "customfield_10022": {
            "name": "Fix Version Priority",
            "type": "com.atlassian.jira.plugin.system.customfieldtypes:select",
            "value": {
                "self": "http:\/\/fw02.zend.com\/issues\/rest\/api\/latest\/customFieldOption\/10039",
                "value": "  Should Have"
            }
        },
        "watcher": {
            "name": "watcher",
            "type": "watcher",
            "value": {
                "self": "http:\/\/fw02.zend.com\/issues\/rest\/api\/latest\/issue\/ZF-2629\/watchers",
                "isWatching": false,
                "watchCount": 1
            }
        },
        "worklog": {
            "name": "worklog",
            "type": "worklog",
            "value": [
                {
                    "self": "http:\/\/fw02.zend.com\/issues\/rest\/api\/latest\/worklog\/20753",
                    "issue": "http:\/\/fw02.zend.com\/issues\/rest\/api\/latest\/issue\/ZF-2629",
                    "author": {
                        "self": "http:\/\/fw02.zend.com\/issues\/rest\/api\/latest\/user?username=darby",
                        "name": "darby",
                        "displayName": "Darby Felton",
                        "active": true
                    },
                    "updateAuthor": {
                        "self": "http:\/\/fw02.zend.com\/issues\/rest\/api\/latest\/user?username=darby",
                        "name": "darby",
                        "displayName": "Darby Felton",
                        "active": true
                    },
                    "comment": "",
                    "created": "2008-04-08T12:58:46.000+0000",
                    "updated": "2008-04-08T12:58:46.000+0000",
                    "started": "2008-04-08T12:58:46.000+0000",
                    "minutesSpent": 15
                }
            ]
        },
        "status": {
            "name": "status",
            "type": "com.atlassian.jira.issue.status.Status",
            "value": {
                "self": "http:\/\/fw02.zend.com\/issues\/rest\/api\/latest\/status\/5",
                "name": "Resolved"
            }
        },
        "labels": {
            "name": "labels",
            "type": "com.atlassian.jira.issue.label.Label",
            "value": [

            ]
        },
        "assignee": {
            "name": "assignee",
            "type": "com.opensymphony.user.User",
            "value": {
                "self": "http:\/\/fw02.zend.com\/issues\/rest\/api\/latest\/user?username=alexander",
                "name": "alexander",
                "displayName": "Alexander Veremyev",
                "active": true
            }
        },
        "links": {
            "name": "links",
            "type": "issuelinks",
            "value": [

            ]
        },
        "attachment": {
            "name": "attachment",
            "type": "attachment",
            "value": [

            ]
        },
        "sub-tasks": {
            "name": "sub-tasks",
            "type": "issuelinks",
            "value": [

            ]
        },
        "versions": {
            "name": "versions",
            "type": "com.atlassian.jira.project.version.Version",
            "value": [
                {
                    "self": "http:\/\/fw02.zend.com\/issues\/rest\/api\/latest\/version\/10140",
                    "id": 10140,
                    "description": "Mini Release",
                    "name": "1.0.3",
                    "userReleaseDate": "30\/Nov\/07",
                    "archived": true,
                    "releaseDate": "2007-11-30",
                    "released": true
                }
            ]
        },
        "project": {
            "name": "project",
            "type": "com.atlassian.jira.project.Project",
            "value": {
                "self": "http:\/\/fw02.zend.com\/issues\/rest\/api\/latest\/project\/ZF",
                "key": "ZF",
                "name": "Zend Framework",
                "roles": {

                }
            }
        },
        "components": {
            "name": "components",
            "type": "com.atlassian.jira.bc.project.component.ProjectComponent",
            "value": [
                {
                    "self": "http:\/\/fw02.zend.com\/issues\/rest\/api\/latest\/component\/10096",
                    "id": 10096,
                    "name": "Zend_Session",
                    "description": "A standardized interface to common functionality found in or indigenous to site session implementations. ",
                    "isAssigneeTypeValid": false
                }
            ]
        },
        "comment": {
            "name": "comment",
            "type": "com.atlassian.jira.issue.fields.CommentSystemField",
            "value": [
                {
                    "self": "http:\/\/fw02.zend.com\/issues\/rest\/api\/latest\/comment\/19087",
                    "author": {
                        "self": "http:\/\/fw02.zend.com\/issues\/rest\/api\/latest\/user?username=ralph",
                        "name": "ralph",
                        "displayName": "Ralph Schindler",
                        "active": true
                    },
                    "body": "Thomas,\n\nAre you still getting this issue?  I just ran the tests and they did indeed run fine.. do you think this can be a windows issue?\n\n\n\n{code}\n~\/Projects\/code-zendframework\/repo-trunk\/tests$ svn info  \nPath: .\nURL: http:\/\/framework.zend.com\/svn\/framework\/trunk\/tests\nRepository Root: http:\/\/framework.zend.com\/svn\/framework\nRepository UUID: 44c647ce-9c0f-0410-b52a-842ac1e357ba\nRevision: 7995\nNode Kind: directory\nSchedule: normal\nLast Changed Author: matthew\nLast Changed Rev: 7992\nLast Changed Date: 2008-02-14 08:56:22 -0600 (Thu, 14 Feb 2008)\n\n~\/Projects\/code-zendframework\/repo-trunk\/tests$ php -v\nPHP 5.2.5 (cli) (built: Feb  6 2008 11:04:46) \nCopyright (c) 1997-2007 The PHP Group\nZend Engine v2.2.0, Copyright (c) 1998-2007 Zend Technologies\n    with Xdebug v2.0.2, Copyright (c) 2002-2007, by Derick Rethans\n~\/Projects\/code-zendframework\/repo-trunk\/tests$ phpunit Zend_Session_AllTests\nPHPUnit 3.2.11 by Sebastian Bergmann.\n\n...........................I.\n\nTime: 16 seconds\n\n\nOK, but incomplete or skipped tests!\nTests: 29, Incomplete: 1.\n~\/Projects\/code-zendframework\/repo-trunk\/tests$ \n{code}",
                    "updateAuthor": {
                        "self": "http:\/\/fw02.zend.com\/issues\/rest\/api\/latest\/user?username=ralph",
                        "name": "ralph",
                        "displayName": "Ralph Schindler",
                        "active": true
                    },
                    "created": "2008-02-14T11:03:24.000+0000",
                    "updated": "2008-02-14T11:03:24.000+0000"
                },
                {
                    "self": "http:\/\/fw02.zend.com\/issues\/rest\/api\/latest\/comment\/19122",
                    "author": {
                        "self": "http:\/\/fw02.zend.com\/issues\/rest\/api\/latest\/user?username=thomas",
                        "name": "thomas",
                        "displayName": "Thomas Weidner",
                        "active": true
                    },
                    "body": "I just tested with the latest release 8008 and the errors are still there.\nSo it must be eighter a php-version or an OS problem.",
                    "updateAuthor": {
                        "self": "http:\/\/fw02.zend.com\/issues\/rest\/api\/latest\/user?username=thomas",
                        "name": "thomas",
                        "displayName": "Thomas Weidner",
                        "active": true
                    },
                    "created": "2008-02-14T14:24:35.000+0000",
                    "updated": "2008-02-14T14:24:35.000+0000"
                },
                {
                    "self": "http:\/\/fw02.zend.com\/issues\/rest\/api\/latest\/comment\/19290",
                    "author": {
                        "self": "http:\/\/fw02.zend.com\/issues\/rest\/api\/latest\/user?username=ralph",
                        "name": "ralph",
                        "displayName": "Ralph Schindler",
                        "active": true
                    },
                    "body": "Thomas,\n\nI am passing this to darby to look at b\/c I simply cannot duplicate.\n\nI installed php 5.2.5, phpunit and pulled down r8216.\n\nChanged no ini files, my setup is running stock.. this is what i get still:\n\n{code}\nC:\\Users\\Media Center\\Desktop\\ZF\\tests>phpunit --verbose Zend_Session_AllTests\nPHPUnit 3.2.14 by Sebastian Bergmann.\nZend Framework - Zend_Session\n Zend_SessionTest\n ...........................I.\nTime: 23 seconds\nThere was 1 incomplete test:\n1) testArrays(Zend_SessionTest)\nC:\\Users\\Media Center\\Desktop\\ZF\\tests\\Zend\\Session\\SessionTest.php:879\nOK, but incomplete or skipped tests!\nTests: 29, Incomplete: 1.\nC:\\Users\\Media Center\\Desktop\\ZF\\tests>svn info\n'svn' is not recognized as an internal or external command,\noperable program or batch file.\n{code}\n\nI am not sure how to proceed since I cannot duplicate.\n\nDarby claims to be able to get the same exact results as you though, so.. Darby, any ideas?\n\n-ralph\n",
                    "updateAuthor": {
                        "self": "http:\/\/fw02.zend.com\/issues\/rest\/api\/latest\/user?username=ralph",
                        "name": "ralph",
                        "displayName": "Ralph Schindler",
                        "active": true
                    },
                    "created": "2008-02-20T14:32:52.000+0000",
                    "updated": "2008-02-20T14:32:52.000+0000"
                },
                {
                    "self": "http:\/\/fw02.zend.com\/issues\/rest\/api\/latest\/comment\/19291",
                    "author": {
                        "self": "http:\/\/fw02.zend.com\/issues\/rest\/api\/latest\/user?username=ralph",
                        "name": "ralph",
                        "displayName": "Ralph Schindler",
                        "active": true
                    },
                    "body": "I cannot reproduce, any ideas?\n\n-ralph",
                    "updateAuthor": {
                        "self": "http:\/\/fw02.zend.com\/issues\/rest\/api\/latest\/user?username=ralph",
                        "name": "ralph",
                        "displayName": "Ralph Schindler",
                        "active": true
                    },
                    "created": "2008-02-20T14:34:08.000+0000",
                    "updated": "2008-02-20T14:34:08.000+0000"
                },
                {
                    "self": "http:\/\/fw02.zend.com\/issues\/rest\/api\/latest\/comment\/19295",
                    "author": {
                        "self": "http:\/\/fw02.zend.com\/issues\/rest\/api\/latest\/user?username=darby",
                        "name": "darby",
                        "displayName": "Darby Felton",
                        "active": true
                    },
                    "body": "I can reproduce the results problem exactly with PHP 5.1.4 on WinXP, though I'm unsure exactly what's happening at this point. A cursory look gives me some hints:\n\n* Only the last 6 tests do not pass\n* {{testUnsetAllNamespace()}} is the last test that succeeds\n* All of the tests that fail have to do with expiration\n* There have been some reports on the mailing lists lately regarding apparent premature session data expiration (indirectly, some reports refer to usage of Zend_Auth)\n* Maybe recent changes to allow destruction and recreation of the session have cascaded into the unit tests somehow?\n* Keep in mind the mystery of why it succeeds on some platforms and why it does not on others; there may be a reason for this that directly points to the cause of the test failures\n* Examine the Zend_Session code and test suite to understand it and narrow the scope of the problem...",
                    "updateAuthor": {
                        "self": "http:\/\/fw02.zend.com\/issues\/rest\/api\/latest\/user?username=darby",
                        "name": "darby",
                        "displayName": "Darby Felton",
                        "active": true
                    },
                    "created": "2008-02-20T15:24:02.000+0000",
                    "updated": "2008-02-20T15:24:02.000+0000"
                },
                {
                    "self": "http:\/\/fw02.zend.com\/issues\/rest\/api\/latest\/comment\/19332",
                    "author": {
                        "self": "http:\/\/fw02.zend.com\/issues\/rest\/api\/latest\/user?username=ralph",
                        "name": "ralph",
                        "displayName": "Ralph Schindler",
                        "active": true
                    },
                    "body": "The only thing I am noticing is that all tests after testUnsetAllNamespace() make use of exec() to complete their tests.\n\nIs it possible your setup is disallowing exec() or, perhaps php is not in the include path?\n\nPerhaps if someone could see if the test is failing around line 759 of SessionTest.php\n\n-ralph",
                    "updateAuthor": {
                        "self": "http:\/\/fw02.zend.com\/issues\/rest\/api\/latest\/user?username=ralph",
                        "name": "ralph",
                        "displayName": "Ralph Schindler",
                        "active": true
                    },
                    "created": "2008-02-21T08:44:39.000+0000",
                    "updated": "2008-02-21T08:44:39.000+0000"
                },
                {
                    "self": "http:\/\/fw02.zend.com\/issues\/rest\/api\/latest\/comment\/19540",
                    "author": {
                        "self": "http:\/\/fw02.zend.com\/issues\/rest\/api\/latest\/user?username=darby",
                        "name": "darby",
                        "displayName": "Darby Felton",
                        "active": true
                    },
                    "body": "I also got the following error from running \"{{phpunit --verbose AllTests}}\" on r8521 of the trunk:\n\n{noformat}\n101) testRegenerateId(Zend_SessionTest)\nZend_Session_Exception: The session has already been started.  The session id must be set first.\nc:\\Documents and Settings\\dfelton\\My Documents\\SVN Remote\\Zend Framework\\trunk\\tests\\Zend\\Session\\SessionTest.php:126\n{noformat}",
                    "updateAuthor": {
                        "self": "http:\/\/fw02.zend.com\/issues\/rest\/api\/latest\/user?username=darby",
                        "name": "darby",
                        "displayName": "Darby Felton",
                        "active": true
                    },
                    "created": "2008-03-03T14:06:00.000+0000",
                    "updated": "2008-03-03T14:06:00.000+0000"
                },
                {
                    "self": "http:\/\/fw02.zend.com\/issues\/rest\/api\/latest\/comment\/20107",
                    "author": {
                        "self": "http:\/\/fw02.zend.com\/issues\/rest\/api\/latest\/user?username=wil",
                        "name": "wil",
                        "displayName": "Wil Sinclair",
                        "active": true
                    },
                    "body": "This issue should have been fixed for the 1.5 release.",
                    "updateAuthor": {
                        "self": "http:\/\/fw02.zend.com\/issues\/rest\/api\/latest\/user?username=wil",
                        "name": "wil",
                        "displayName": "Wil Sinclair",
                        "active": true
                    },
                    "created": "2008-03-21T17:05:32.000+0000",
                    "updated": "2008-03-21T17:05:32.000+0000"
                },
                {
                    "self": "http:\/\/fw02.zend.com\/issues\/rest\/api\/latest\/comment\/20752",
                    "author": {
                        "self": "http:\/\/fw02.zend.com\/issues\/rest\/api\/latest\/user?username=darby",
                        "name": "darby",
                        "displayName": "Darby Felton",
                        "active": true
                    },
                    "body": "Fixed with SVN [r9178|http:\/\/framework.zend.com\/fisheye\/changelog\/Zend_Framework\/?cs=9178] and [r9179|http:\/\/framework.zend.com\/fisheye\/changelog\/Zend_Framework\/?cs=9179].",
                    "updateAuthor": {
                        "self": "http:\/\/fw02.zend.com\/issues\/rest\/api\/latest\/user?username=darby",
                        "name": "darby",
                        "displayName": "Darby Felton",
                        "active": true
                    },
                    "created": "2008-04-08T12:57:57.000+0000",
                    "updated": "2008-04-08T12:57:57.000+0000"
                },
                {
                    "self": "http:\/\/fw02.zend.com\/issues\/rest\/api\/latest\/comment\/22803",
                    "author": {
                        "self": "http:\/\/fw02.zend.com\/issues\/rest\/api\/latest\/user?username=alexander",
                        "name": "alexander",
                        "displayName": "Alexander Veremyev",
                        "active": true
                    },
                    "body": "The problem still exists",
                    "updateAuthor": {
                        "self": "http:\/\/fw02.zend.com\/issues\/rest\/api\/latest\/user?username=alexander",
                        "name": "alexander",
                        "displayName": "Alexander Veremyev",
                        "active": true
                    },
                    "created": "2008-07-08T09:30:37.000+0000",
                    "updated": "2008-07-08T09:30:37.000+0000"
                },
                {
                    "self": "http:\/\/fw02.zend.com\/issues\/rest\/api\/latest\/comment\/22822",
                    "author": {
                        "self": "http:\/\/fw02.zend.com\/issues\/rest\/api\/latest\/user?username=alexander",
                        "name": "alexander",
                        "displayName": "Alexander Veremyev",
                        "active": true
                    },
                    "body": "The output I get now on Linux system:\n\n{panel}\nPHPUnit 3.2.19 by Sebastian Bergmann.\n\n.......................FFFFIF\n\nTime: 23 seconds\n\nThere were 5 failures:\n\n1) testSetExpirationSeconds(Zend_SessionTest)\niteration over default Zend_Session namespace failed; expecting result === ';a === apple;o === orange;p === pear', but got ''\nFailed asserting that <boolean:false> is true.\niteration over default Zend_Session namespace failed; expecting result === ';a === apple;o === orange;p === pear', but got ''\nFailed asserting that <boolean:false> is true.\n\n2) testSetExpireSessionHops(Zend_SessionTest)\niteration over default Zend_Session namespace failed (result=''; hop #1)\nFailed asserting that <boolean:false> is true.\niteration over default Zend_Session namespace failed (result=''; hop #1)\nFailed asserting that <boolean:false> is true.\n\n3) testSetExpireSessionVarsByHops1(Zend_SessionTest)\niteration over named Zend_Session namespace failed (result=''; hop #1)\nFailed asserting that <boolean:false> is true.\niteration over named Zend_Session namespace failed (result=''; hop #1)\nFailed asserting that <boolean:false> is true.\n\n4) testSetExpireSessionVarsByHops2(Zend_SessionTest)\niteration over named Zend_Session namespace failed (result=''; hop #1)\nFailed asserting that <boolean:false> is true.\niteration over named Zend_Session namespace failed (result=''; hop #1)\nFailed asserting that <boolean:false> is true.\n\n5) testSetExpireSessionVarsByHopsOnUse(Zend_SessionTest)\nunexpected results iterating over named Zend_Session namespace (result=''; expected ';g === guava;p === plum'; hop #1)\nFailed asserting that <boolean:false> is true.\nunexpected results iterating over named Zend_Session namespace (result=''; expected ';g === guava;p === plum'; hop #1)\nFailed asserting that <boolean:false> is true.\n\nFAILURES!\nTests: 29, Failures: 5, Incomplete: 1.\n{panel}",
                    "updateAuthor": {
                        "self": "http:\/\/fw02.zend.com\/issues\/rest\/api\/latest\/user?username=alexander",
                        "name": "alexander",
                        "displayName": "Alexander Veremyev",
                        "active": true
                    },
                    "created": "2008-07-09T03:54:30.000+0000",
                    "updated": "2008-07-09T03:54:30.000+0000"
                },
                {
                    "self": "http:\/\/fw02.zend.com\/issues\/rest\/api\/latest\/comment\/22832",
                    "author": {
                        "self": "http:\/\/fw02.zend.com\/issues\/rest\/api\/latest\/user?username=alexander",
                        "name": "alexander",
                        "displayName": "Alexander Veremyev",
                        "active": true
                    },
                    "body": "The problem was in the wrong assumptions about an 'exec()' execution time.\n\n'SessionTestHelper.php' script includes 'tests\/TestHelper.php' script with other heavy includes from PHPUnit package.\nIt slows down 'SessionTestHelper.php' script execution time to 2 seconds in Linux environment and to ~35 seconds (!!!) in Windows environment.\n\nThen, testSetExpirationSeconds() failure stops testSetExpirationSeconds() execution and leave session in the inconsistent state. That produced other four failures.",
                    "updateAuthor": {
                        "self": "http:\/\/fw02.zend.com\/issues\/rest\/api\/latest\/user?username=alexander",
                        "name": "alexander",
                        "displayName": "Alexander Veremyev",
                        "active": true
                    },
                    "created": "2008-07-10T01:55:35.000+0000",
                    "updated": "2008-07-10T01:55:35.000+0000"
                },
                {
                    "self": "http:\/\/fw02.zend.com\/issues\/rest\/api\/latest\/comment\/23112",
                    "author": {
                        "self": "http:\/\/fw02.zend.com\/issues\/rest\/api\/latest\/user?username=alexander",
                        "name": "alexander",
                        "displayName": "Alexander Veremyev",
                        "active": true
                    },
                    "body": "Changes also merged into release-1.5 branch.",
                    "updateAuthor": {
                        "self": "http:\/\/fw02.zend.com\/issues\/rest\/api\/latest\/user?username=alexander",
                        "name": "alexander",
                        "displayName": "Alexander Veremyev",
                        "active": true
                    },
                    "created": "2008-07-26T10:23:08.000+0000",
                    "updated": "2008-07-26T10:23:08.000+0000"
                },
                {
                    "self": "http:\/\/fw02.zend.com\/issues\/rest\/api\/latest\/comment\/24105",
                    "author": {
                        "self": "http:\/\/fw02.zend.com\/issues\/rest\/api\/latest\/user?username=wil",
                        "name": "wil",
                        "displayName": "Wil Sinclair",
                        "active": true
                    },
                    "body": "Updating for the 1.6.0 release.",
                    "updateAuthor": {
                        "self": "http:\/\/fw02.zend.com\/issues\/rest\/api\/latest\/user?username=wil",
                        "name": "wil",
                        "displayName": "Wil Sinclair",
                        "active": true
                    },
                    "created": "2008-09-02T10:39:26.000+0000",
                    "updated": "2008-09-02T10:39:26.000+0000"
                }
            ]
        }
    },
    "transitions": "http:\/\/fw02.zend.com\/issues\/rest\/api\/latest\/issue\/ZF-2629\/transitions"
}