{
    "expand": "html",
    "self": "http:\/\/fw02.zend.com\/issues\/rest\/api\/latest\/issue\/ZF-5428",
    "key": "ZF-5428",
    "fields": {
        "summary": {
            "name": "summary",
            "type": "java.lang.String",
            "value": "All Zend_Db Tests using the _TestCommon as parent fail"
        },
        "timetracking": {
            "name": "timetracking",
            "type": "com.atlassian.jira.issue.fields.TimeTrackingSystemField"
        },
        "issuetype": {
            "name": "issuetype",
            "type": "com.atlassian.jira.issue.issuetype.IssueType",
            "value": {
                "self": "http:\/\/fw02.zend.com\/issues\/rest\/api\/latest\/issueType\/13",
                "name": "Unit Tests: Problem",
                "subtask": false
            }
        },
        "votes": {
            "name": "votes",
            "type": "com.atlassian.jira.issue.fields.VotesSystemField",
            "value": {
                "self": "http:\/\/fw02.zend.com\/issues\/rest\/api\/latest\/issue\/ZF-5428\/votes",
                "votes": 0,
                "hasVoted": false
            }
        },
        "security": {
            "name": "security",
            "type": "com.atlassian.jira.issue.security.IssueSecurityLevel"
        },
        "resolution": {
            "name": "resolution",
            "type": "com.atlassian.jira.issue.resolution.Resolution",
            "value": {
                "self": "http:\/\/fw02.zend.com\/issues\/rest\/api\/latest\/resolution\/5",
                "name": "Cannot Reproduce"
            }
        },
        "fixVersions": {
            "name": "fixVersions",
            "type": "com.atlassian.jira.project.version.Version",
            "value": [

            ]
        },
        "resolutiondate": {
            "name": "resolutiondate",
            "type": "java.util.Date",
            "value": "2009-05-21T06:38:57.000+0000"
        },
        "reporter": {
            "name": "reporter",
            "type": "com.opensymphony.user.User",
            "value": {
                "self": "http:\/\/fw02.zend.com\/issues\/rest\/api\/latest\/user?username=beberlei",
                "name": "beberlei",
                "displayName": "Benjamin Eberlei",
                "active": true
            }
        },
        "created": {
            "name": "created",
            "type": "java.util.Date",
            "value": "2009-01-08T03:49:12.000+0000"
        },
        "updated": {
            "name": "updated",
            "type": "java.util.Date",
            "value": "2009-05-21T06:38:57.000+0000"
        },
        "customfield_10041": {
            "name": "Tags",
            "type": "com.atlassian.jira.plugin.system.customfieldtypes:labels"
        },
        "description": {
            "name": "description",
            "type": "java.lang.String",
            "value": "For me all tests fail, that utilize the Zend_Db_*_TestCommon TestCase classes as abstract.\n\nPHPUnit tries to instantiate the TestCommon class instead of the parent and throws the following exception:\n\n{code}846) Warning(PHPUnit_Framework_Warning)\nCannot instantiate class \"Zend_Db_Table_Relationships_TestCommon\".\n\n847) Warning(PHPUnit_Framework_Warning)\nCannot instantiate class \"Zend_Db_Table_Relationships_TestCommon\".\n\n848) Warning(PHPUnit_Framework_Warning)\nCannot instantiate class \"Zend_Db_Table_Relationships_TestCommon\".{code}\n\nThe other 845 failures are the same message. I have tests enabled for sqlite memory and PDO Myysql.\n\nMy setup is PHPUnit 3.3.9 and PHP 5.2.8"
        },
        "priority": {
            "name": "priority",
            "type": "com.atlassian.jira.issue.priority.Priority",
            "value": {
                "self": "http:\/\/fw02.zend.com\/issues\/rest\/api\/latest\/priority\/3",
                "name": "Major"
            }
        },
        "duedate": {
            "name": "duedate",
            "type": "java.util.Date"
        },
        "customfield_10022": {
            "name": "Fix Version Priority",
            "type": "com.atlassian.jira.plugin.system.customfieldtypes:select"
        },
        "watcher": {
            "name": "watcher",
            "type": "watcher",
            "value": {
                "self": "http:\/\/fw02.zend.com\/issues\/rest\/api\/latest\/issue\/ZF-5428\/watchers",
                "isWatching": false,
                "watchCount": 0
            }
        },
        "worklog": {
            "name": "worklog",
            "type": "worklog",
            "value": [

            ]
        },
        "status": {
            "name": "status",
            "type": "com.atlassian.jira.issue.status.Status",
            "value": {
                "self": "http:\/\/fw02.zend.com\/issues\/rest\/api\/latest\/status\/5",
                "name": "Resolved"
            }
        },
        "labels": {
            "name": "labels",
            "type": "com.atlassian.jira.issue.label.Label",
            "value": [

            ]
        },
        "assignee": {
            "name": "assignee",
            "type": "com.opensymphony.user.User",
            "value": {
                "self": "http:\/\/fw02.zend.com\/issues\/rest\/api\/latest\/user?username=ralph",
                "name": "ralph",
                "displayName": "Ralph Schindler",
                "active": true
            }
        },
        "links": {
            "name": "links",
            "type": "issuelinks",
            "value": [

            ]
        },
        "attachment": {
            "name": "attachment",
            "type": "attachment",
            "value": [

            ]
        },
        "sub-tasks": {
            "name": "sub-tasks",
            "type": "issuelinks",
            "value": [

            ]
        },
        "versions": {
            "name": "versions",
            "type": "com.atlassian.jira.project.version.Version",
            "value": [
                {
                    "self": "http:\/\/fw02.zend.com\/issues\/rest\/api\/latest\/version\/10271",
                    "id": 10271,
                    "description": "Mini Release",
                    "name": "1.7.2",
                    "userReleaseDate": "23\/Dec\/08",
                    "archived": false,
                    "releaseDate": "2008-12-23",
                    "released": true
                }
            ]
        },
        "project": {
            "name": "project",
            "type": "com.atlassian.jira.project.Project",
            "value": {
                "self": "http:\/\/fw02.zend.com\/issues\/rest\/api\/latest\/project\/ZF",
                "key": "ZF",
                "name": "Zend Framework",
                "roles": {

                }
            }
        },
        "components": {
            "name": "components",
            "type": "com.atlassian.jira.bc.project.component.ProjectComponent",
            "value": [
                {
                    "self": "http:\/\/fw02.zend.com\/issues\/rest\/api\/latest\/component\/10012",
                    "id": 10012,
                    "name": "Zend_Db",
                    "description": "interfaces, APIs, and adapters for various third-party data stores",
                    "isAssigneeTypeValid": false
                }
            ]
        },
        "comment": {
            "name": "comment",
            "type": "com.atlassian.jira.issue.fields.CommentSystemField",
            "value": [
                {
                    "self": "http:\/\/fw02.zend.com\/issues\/rest\/api\/latest\/comment\/31218",
                    "author": {
                        "self": "http:\/\/fw02.zend.com\/issues\/rest\/api\/latest\/user?username=ralph",
                        "name": "ralph",
                        "displayName": "Ralph Schindler",
                        "active": true
                    },
                    "body": "How are you running them? I do not seem to have this issue.",
                    "updateAuthor": {
                        "self": "http:\/\/fw02.zend.com\/issues\/rest\/api\/latest\/user?username=ralph",
                        "name": "ralph",
                        "displayName": "Ralph Schindler",
                        "active": true
                    },
                    "created": "2009-05-21T06:34:46.000+0000",
                    "updated": "2009-05-21T06:34:46.000+0000"
                },
                {
                    "self": "http:\/\/fw02.zend.com\/issues\/rest\/api\/latest\/comment\/31219",
                    "author": {
                        "self": "http:\/\/fw02.zend.com\/issues\/rest\/api\/latest\/user?username=ralph",
                        "name": "ralph",
                        "displayName": "Ralph Schindler",
                        "active": true
                    },
                    "body": "Here is my run (there are errors I know we are looking for answers to, but the TestCommon php on doesnt seems to be one of them.  I am gonna mark as cannot reproduce, if you can repllcate this issue, please feel free to reopen.\n\n{code}\n~\/Projects\/ZFStandardTrunk\/tests$ phpunit Zend_Db_AllTests\nPHPUnit 3.3.16 by Sebastian Bergmann.\n\n............................................................   60 \/ 1116\n.......................................................I....  120 \/ 1116\n............................................................  180 \/ 1116\n..I........S...........I....................................  240 \/ 1116\n............................................................  300 \/ 1116\n............................................................  360 \/ 1116\n.......................................................S....  420 \/ 1116\n...................................S........................  480 \/ 1116\n............................................................  540 \/ 1116\n....................................S.......................  600 \/ 1116\n..............E....E....E.......................SSSS.....SSS  660 \/ 1116\n.E..........................................................  720 \/ 1116\n...............................I......II....................  780 \/ 1116\n........................SSSS................................  840 \/ 1116\n..............................SS............................  900 \/ 1116\n...........S..........................S.............SSSS....  960 \/ 1116\n............................................................ 1020 \/ 1116\n............S.....................................E....E.... 1080 \/ 1116\nE......................SSSSSSSSS....\n\nTime: 42 seconds\n\nThere were 7 errors:\n\n1) testTableRelationshipFindParentRowException(Zend_Db_Table_Relationships_Pdo_MysqlTest)\ninclude(nonexistant\/class.php): failed to open stream: No such file or directory\n\/Users\/ralphschindler\/Projects\/ZFStandardTrunk\/library\/Zend\/Loader.php:83\n\/Users\/ralphschindler\/Projects\/ZFStandardTrunk\/library\/Zend\/Loader.php:83\n\/Users\/ralphschindler\/Projects\/ZFStandardTrunk\/library\/Zend\/Db\/Table\/Row\/Abstract.php:949\n\n2) testTableRelationshipFindManyToManyRowsetException(Zend_Db_Table_Relationships_Pdo_MysqlTest)\ninclude(nonexistant\/class.php): failed to open stream: No such file or directory\n\/Users\/ralphschindler\/Projects\/ZFStandardTrunk\/library\/Zend\/Loader.php:83\n\/Users\/ralphschindler\/Projects\/ZFStandardTrunk\/library\/Zend\/Loader.php:83\n\/Users\/ralphschindler\/Projects\/ZFStandardTrunk\/library\/Zend\/Db\/Table\/Row\/Abstract.php:1028\n\n3) testTableRelationshipFindDependentRowsetException(Zend_Db_Table_Relationships_Pdo_MysqlTest)\ninclude(nonexistant\/class.php): failed to open stream: No such file or directory\n\/Users\/ralphschindler\/Projects\/ZFStandardTrunk\/library\/Zend\/Loader.php:83\n\/Users\/ralphschindler\/Projects\/ZFStandardTrunk\/library\/Zend\/Loader.php:83\n\/Users\/ralphschindler\/Projects\/ZFStandardTrunk\/library\/Zend\/Db\/Table\/Row\/Abstract.php:892\n\n4) testAdapterAlternateStatement(Zend_Db_Adapter_Pdo_SqliteTest)\nZend_Db_Statement_Exception: SQLSTATE[HY000]: General error: 1 no such table: zfbugs\n\/Users\/ralphschindler\/Projects\/ZFStandardTrunk\/library\/Zend\/Db\/Statement\/Pdo.php:68\n\/Users\/ralphschindler\/Projects\/ZFStandardTrunk\/library\/Zend\/Db\/Statement.php:109\n\/Users\/ralphschindler\/Projects\/ZFStandardTrunk\/library\/Zend\/Db\/Adapter\/Pdo\/Abstract.php:178\n\n5) testTableRelationshipFindParentRowException(Zend_Db_Table_Relationships_Pdo_SqliteTest)\ninclude(nonexistant\/class.php): failed to open stream: No such file or directory\n\/Users\/ralphschindler\/Projects\/ZFStandardTrunk\/library\/Zend\/Loader.php:83\n\/Users\/ralphschindler\/Projects\/ZFStandardTrunk\/library\/Zend\/Loader.php:83\n\/Users\/ralphschindler\/Projects\/ZFStandardTrunk\/library\/Zend\/Db\/Table\/Row\/Abstract.php:949\n\n6) testTableRelationshipFindManyToManyRowsetException(Zend_Db_Table_Relationships_Pdo_SqliteTest)\ninclude(nonexistant\/class.php): failed to open stream: No such file or directory\n\/Users\/ralphschindler\/Projects\/ZFStandardTrunk\/library\/Zend\/Loader.php:83\n\/Users\/ralphschindler\/Projects\/ZFStandardTrunk\/library\/Zend\/Loader.php:83\n\/Users\/ralphschindler\/Projects\/ZFStandardTrunk\/library\/Zend\/Db\/Table\/Row\/Abstract.php:1028\n\n7) testTableRelationshipFindDependentRowsetException(Zend_Db_Table_Relationships_Pdo_SqliteTest)\ninclude(nonexistant\/class.php): failed to open stream: No such file or directory\n\/Users\/ralphschindler\/Projects\/ZFStandardTrunk\/library\/Zend\/Loader.php:83\n\/Users\/ralphschindler\/Projects\/ZFStandardTrunk\/library\/Zend\/Loader.php:83\n\/Users\/ralphschindler\/Projects\/ZFStandardTrunk\/library\/Zend\/Db\/Table\/Row\/Abstract.php:892\n\nFAILURES!\nTests: 1116, Assertions: 3337, Errors: 7, Incomplete: 6, Skipped: 33.\n~\/Projects\/ZFStandardTrunk\/tests$ php -v\nPHP 5.2.8 (cli) (built: Feb 25 2009 11:41:57) \nCopyright (c) 1997-2008 The PHP Group\nZend Engine v2.2.0, Copyright (c) 1998-2008 Zend Technologies\n    with Zend Debugger v5.2.14, Copyright (c) 1999-2008, by Zend Technologies\n{code}",
                    "updateAuthor": {
                        "self": "http:\/\/fw02.zend.com\/issues\/rest\/api\/latest\/user?username=ralph",
                        "name": "ralph",
                        "displayName": "Ralph Schindler",
                        "active": true
                    },
                    "created": "2009-05-21T06:38:57.000+0000",
                    "updated": "2009-05-21T06:38:57.000+0000"
                }
            ]
        }
    },
    "transitions": "http:\/\/fw02.zend.com\/issues\/rest\/api\/latest\/issue\/ZF-5428\/transitions"
}