{
    "expand": "html",
    "self": "http:\/\/fw02.zend.com\/issues\/rest\/api\/latest\/issue\/ZF-8809",
    "key": "ZF-8809",
    "fields": {
        "summary": {
            "name": "summary",
            "type": "java.lang.String",
            "value": "ZF 1.10 unit tests should all pass."
        },
        "timetracking": {
            "name": "timetracking",
            "type": "com.atlassian.jira.issue.fields.TimeTrackingSystemField"
        },
        "issuetype": {
            "name": "issuetype",
            "type": "com.atlassian.jira.issue.issuetype.IssueType",
            "value": {
                "self": "http:\/\/fw02.zend.com\/issues\/rest\/api\/latest\/issueType\/1",
                "name": "Bug",
                "subtask": false
            }
        },
        "votes": {
            "name": "votes",
            "type": "com.atlassian.jira.issue.fields.VotesSystemField",
            "value": {
                "self": "http:\/\/fw02.zend.com\/issues\/rest\/api\/latest\/issue\/ZF-8809\/votes",
                "votes": 0,
                "hasVoted": false
            }
        },
        "security": {
            "name": "security",
            "type": "com.atlassian.jira.issue.security.IssueSecurityLevel"
        },
        "resolution": {
            "name": "resolution",
            "type": "com.atlassian.jira.issue.resolution.Resolution",
            "value": {
                "self": "http:\/\/fw02.zend.com\/issues\/rest\/api\/latest\/resolution\/1",
                "name": "Fixed"
            }
        },
        "fixVersions": {
            "name": "fixVersions",
            "type": "com.atlassian.jira.project.version.Version",
            "value": [
                {
                    "self": "http:\/\/fw02.zend.com\/issues\/rest\/api\/latest\/version\/10360",
                    "id": 10360,
                    "description": "Minor Release",
                    "name": "1.10.0",
                    "userReleaseDate": "27\/Jan\/10",
                    "archived": false,
                    "releaseDate": "2010-01-27",
                    "released": true
                }
            ]
        },
        "resolutiondate": {
            "name": "resolutiondate",
            "type": "java.util.Date",
            "value": "2010-02-12T11:07:19.000+0000"
        },
        "reporter": {
            "name": "reporter",
            "type": "com.opensymphony.user.User",
            "value": {
                "self": "http:\/\/fw02.zend.com\/issues\/rest\/api\/latest\/user?username=ralph",
                "name": "ralph",
                "displayName": "Ralph Schindler",
                "active": true
            }
        },
        "created": {
            "name": "created",
            "type": "java.util.Date",
            "value": "2010-01-13T10:06:24.000+0000"
        },
        "updated": {
            "name": "updated",
            "type": "java.util.Date",
            "value": "2010-02-12T11:07:19.000+0000"
        },
        "customfield_10041": {
            "name": "Tags",
            "type": "com.atlassian.jira.plugin.system.customfieldtypes:labels"
        },
        "description": {
            "name": "description",
            "type": "java.lang.String",
            "value": "Ensure all unit tests pass.\r\n\r\n* Run all DB vendor tests (win\/*nix 5.3 & 5.2).\r\n* All platforms\r\n** Custom TestConfiguration.php executes twice\r\n* *nix\r\n** Fix all 64 bit issues. (see attached file)\r\n* On windows:\r\n** Zend_Queue_Adapter_Activemq test hangs suite (win32 5.2.11).\r\n** Zend_View overrunes ob buffer (fatal error)\r\n** More Failures attached\r\n\r\nh4. Issues By Component:\r\n\r\nh5. Zend_Navigation \/ Zend_View_Helper_Navigation\r\n\r\nConsistently reproduced with phpunit AllTests, but not reproduced with phpunit Zend_View_AllTests.\r\n\r\n{code}\r\n1) Zend_View_Helper_Navigation_BreadcrumbsTest::testTranslationUsingZendTranslate\r\nZend_Navigation_Exception: Invalid argument: Unable to determine class to instantiate\r\n\r\n\/Users\/ralphschindler\/Projects\/ZFStandardTrunk\/library\/Zend\/Navigation\/Page.php:223\r\n\/Users\/ralphschindler\/Projects\/ZFStandardTrunk\/library\/Zend\/Navigation\/Container.php:117\r\n\/Users\/ralphschindler\/Projects\/ZFStandardTrunk\/library\/Zend\/Navigation\/Container.php:164\r\n\/Users\/ralphschindler\/Projects\/ZFStandardTrunk\/library\/Zend\/Navigation.php:46\r\n\/Users\/ralphschindler\/Projects\/ZFStandardTrunk\/tests\/Zend\/View\/Helper\/Navigation\/TestAbstract.php:100\r\n{code}\r\n\r\nh5. Zend_OAuth\r\n\r\nFailing tests:\r\n\r\n{code}\r\nZend_Oauth_Http_RequestTokenTest::testAssembleParametersCorrectlyAggregatesOauthParameters\r\nZend_Oauth_Http_RequestTokenTest::testAssembleParametersCorrectlyAggregatesOauthParametersIfCallbackUrlMissing\r\nZend_Oauth_Http_RequestTokenTest::testAssembleParametersCorrectlyAggregatesCustomParameters\r\nZend_Oauth_Http_AccessTokenTest::testAssembleParametersCorrectlyIgnoresCustomParameters\r\n{code}\r\n\r\nh5. Zend_Pdf\r\n\r\nShould this be an incomplete or skip:\r\n\r\n{code}\r\n6) Zend_Pdf_ActionTest::testPhpVersionBug\r\nThe expected bug exists. Please verify.\r\n\r\n\/Users\/ralphschindler\/Projects\/ZFStandardTrunk\/tests\/Zend\/Pdf\/ActionTest.php:458\r\n{code}\r\n\r\nh5. Zend_Search_Lucene\r\n\r\n{code}\r\n7) Zend_Search_Lucene_SearchTest::testSortingResult\r\nFailed asserting that <integer:7> matches expected <integer:0>.\r\n\r\n\/Users\/ralphschindler\/Projects\/ZFStandardTrunk\/tests\/Zend\/Search\/Lucene\/SearchTest.php:465\r\n\r\n8) Zend_Search_Lucene_SearchTest::testLimitingResult\r\nFailed asserting that <integer:7> matches expected <integer:0>.\r\n\r\n\/Users\/ralphschindler\/Projects\/ZFStandardTrunk\/tests\/Zend\/Search\/Lucene\/SearchTest.php:487\r\n\r\n9) Zend_Search_Lucene_Search23Test::testPraseQuery\r\nFailed asserting that <integer:4> matches expected <integer:3>.\r\n\r\n\/Users\/ralphschindler\/Projects\/ZFStandardTrunk\/tests\/Zend\/Search\/Lucene\/Search23Test.php:213\r\n\r\n10) Zend_Search_Lucene_Search23Test::testQueryParserKeywordsHandlingTerm\r\nFailed asserting that <integer:9> matches expected <integer:3>.\r\n\r\n\/Users\/ralphschindler\/Projects\/ZFStandardTrunk\/tests\/Zend\/Search\/Lucene\/Search23Test.php:266\r\n\r\n11) Zend_Search_Lucene_Search23Test::testWildcardQuery\r\nFailed asserting that <integer:9> matches expected <integer:3>.\r\n\r\n\/Users\/ralphschindler\/Projects\/ZFStandardTrunk\/tests\/Zend\/Search\/Lucene\/Search23Test.php:357\r\n\r\n12) Zend_Search_Lucene_Search23Test::testFuzzyQuery\r\nFailed asserting that <integer:9> matches expected <integer:3>.\r\n\r\n\/Users\/ralphschindler\/Projects\/ZFStandardTrunk\/tests\/Zend\/Search\/Lucene\/Search23Test.php:386\r\n\r\n13) Zend_Search_Lucene_Search23Test::testInclusiveRangeQuery\r\nFailed asserting that <integer:5> matches expected <integer:3>.\r\n\r\n\/Users\/ralphschindler\/Projects\/ZFStandardTrunk\/tests\/Zend\/Search\/Lucene\/Search23Test.php:412\r\n\r\n14) Zend_Search_Lucene_Search23Test::testNonInclusiveRangeQuery\r\nFailed asserting that <integer:5> matches expected <integer:3>.\r\n\r\n\/Users\/ralphschindler\/Projects\/ZFStandardTrunk\/tests\/Zend\/Search\/Lucene\/Search23Test.php:432\r\n\r\n15) Zend_Search_Lucene_Search23Test::testDefaultSearchField\r\nFailed asserting that <integer:5> matches expected <integer:3>.\r\n\r\n\/Users\/ralphschindler\/Projects\/ZFStandardTrunk\/tests\/Zend\/Search\/Lucene\/Search23Test.php:455\r\n\r\n16) Zend_Search_Lucene_Search23Test::testSortingResult\r\nFailed asserting that <integer:4> matches expected <integer:3>.\r\n\r\n\/Users\/ralphschindler\/Projects\/ZFStandardTrunk\/tests\/Zend\/Search\/Lucene\/Search23Test.php:515\r\n\r\n17) Zend_Search_Lucene_Search23Test::testSortingResultByScore\r\nFailed asserting that <integer:4> matches expected <integer:3>.\r\n\r\n\/Users\/ralphschindler\/Projects\/ZFStandardTrunk\/tests\/Zend\/Search\/Lucene\/Search23Test.php:534\r\n\r\n18) Zend_Search_Lucene_Search23Test::testLimitingResult\r\nFailed asserting that <integer:7> matches expected <integer:0>.\r\n{code}\r\n\r\nh5. Zend_Uri\r\n\r\n{code}\r\n21) Zend_Uri_HttpTest::testExceptionUnwiseQueryString\r\nfailed for URI http:\/\/example.com\/?q={\r\nFailed asserting that <boolean:true> is false.\r\n\r\n\/Users\/ralphschindler\/Projects\/ZFStandardTrunk\/tests\/Zend\/Uri\/HttpTest.php:241\r\n{code}\r\n\r\nh5. Zend_Validate_Barcode\r\n\r\n{code}\r\n22) Zend_Validate_BarcodeTest::testNoneExisting\r\nFailed asserting that <string:File \"Zend.php\" does not exist or class \"Zend\" was not found in the file> contains \"No such file\".\r\n\r\n\/Users\/ralphschindler\/Projects\/ZFStandardTrunk\/tests\/Zend\/Validate\/BarcodeTest.php:61\r\n\r\n23) Zend_Validate_BarcodeTest::testSetAdapter\r\nFailed asserting that <boolean:false> is true.\r\n\r\n\/Users\/ralphschindler\/Projects\/ZFStandardTrunk\/tests\/Zend\/Validate\/BarcodeTest.php:68\r\n\r\n24) Zend_Validate_BarcodeTest::testCODE25\r\nFailed asserting that <boolean:false> is true.\r\n\r\n\/Users\/ralphschindler\/Projects\/ZFStandardTrunk\/tests\/Zend\/Validate\/BarcodeTest.php:195\r\n\r\n25) Zend_Validate_BarcodeTest::testCODE25INTERLEAVED\r\nFailed asserting that <boolean:false> is true.\r\n\r\n\/Users\/ralphschindler\/Projects\/ZFStandardTrunk\/tests\/Zend\/Validate\/BarcodeTest.php:206\r\n\r\n26) Zend_Validate_BarcodeTest::testCODE39\r\nFailed asserting that <boolean:false> is true.\r\n\r\n\/Users\/ralphschindler\/Projects\/ZFStandardTrunk\/tests\/Zend\/Validate\/BarcodeTest.php:218\r\n\r\n27) Zend_Validate_BarcodeTest::testCODE93\r\nFailed asserting that <boolean:false> is true.\r\n\r\n\/Users\/ralphschindler\/Projects\/ZFStandardTrunk\/tests\/Zend\/Validate\/BarcodeTest.php:242\r\n\r\n28) Zend_Validate_BarcodeTest::testEAN8\r\nFailed asserting that <boolean:false> is true.\r\n\r\n\/Users\/ralphschindler\/Projects\/ZFStandardTrunk\/tests\/Zend\/Validate\/BarcodeTest.php:277\r\n\r\n29) Zend_Validate_BarcodeTest::testEAN12\r\nFailed asserting that <boolean:false> is true.\r\n\r\n\/Users\/ralphschindler\/Projects\/ZFStandardTrunk\/tests\/Zend\/Validate\/BarcodeTest.php:286\r\n\r\n30) Zend_Validate_BarcodeTest::testEAN13\r\nFailed asserting that <boolean:false> is true.\r\n\r\n\/Users\/ralphschindler\/Projects\/ZFStandardTrunk\/tests\/Zend\/Validate\/BarcodeTest.php:294\r\n\r\n31) Zend_Validate_BarcodeTest::testEAN14\r\nFailed asserting that <boolean:false> is true.\r\n\r\n\/Users\/ralphschindler\/Projects\/ZFStandardTrunk\/tests\/Zend\/Validate\/BarcodeTest.php:302\r\n\r\n32) Zend_Validate_BarcodeTest::testEAN18\r\nFailed asserting that <boolean:false> is true.\r\n\r\n\/Users\/ralphschindler\/Projects\/ZFStandardTrunk\/tests\/Zend\/Validate\/BarcodeTest.php:310\r\n\r\n33) Zend_Validate_BarcodeTest::testGTIN12\r\nFailed asserting that <boolean:false> is true.\r\n\r\n\/Users\/ralphschindler\/Projects\/ZFStandardTrunk\/tests\/Zend\/Validate\/BarcodeTest.php:318\r\n\r\n34) Zend_Validate_BarcodeTest::testGTIN13\r\nFailed asserting that <boolean:false> is true.\r\n\r\n\/Users\/ralphschindler\/Projects\/ZFStandardTrunk\/tests\/Zend\/Validate\/BarcodeTest.php:326\r\n\r\n35) Zend_Validate_BarcodeTest::testGTIN14\r\nFailed asserting that <boolean:false> is true.\r\n\r\n\/Users\/ralphschindler\/Projects\/ZFStandardTrunk\/tests\/Zend\/Validate\/BarcodeTest.php:334\r\n\r\n36) Zend_Validate_BarcodeTest::testIDENTCODE\r\nFailed asserting that <boolean:false> is true.\r\n\r\n\/Users\/ralphschindler\/Projects\/ZFStandardTrunk\/tests\/Zend\/Validate\/BarcodeTest.php:342\r\n\r\n37) Zend_Validate_BarcodeTest::testISSN\r\nFailed asserting that <boolean:false> is true.\r\n\r\n\/Users\/ralphschindler\/Projects\/ZFStandardTrunk\/tests\/Zend\/Validate\/BarcodeTest.php:359\r\n\r\n38) Zend_Validate_BarcodeTest::testITF14\r\nFailed asserting that <boolean:false> is true.\r\n\r\n\/Users\/ralphschindler\/Projects\/ZFStandardTrunk\/tests\/Zend\/Validate\/BarcodeTest.php:369\r\n\r\n39) Zend_Validate_BarcodeTest::testLEITCODE\r\nFailed asserting that <boolean:false> is true.\r\n\r\n\/Users\/ralphschindler\/Projects\/ZFStandardTrunk\/tests\/Zend\/Validate\/BarcodeTest.php:377\r\n\r\n40) Zend_Validate_BarcodeTest::testPLANET\r\nFailed asserting that <boolean:false> is true.\r\n\r\n\/Users\/ralphschindler\/Projects\/ZFStandardTrunk\/tests\/Zend\/Validate\/BarcodeTest.php:386\r\n\r\n41) Zend_Validate_BarcodeTest::testPOSTNET\r\nFailed asserting that <boolean:false> is true.\r\n\r\n\/Users\/ralphschindler\/Projects\/ZFStandardTrunk\/tests\/Zend\/Validate\/BarcodeTest.php:394\r\n\r\n42) Zend_Validate_BarcodeTest::testROYALMAIL\r\nFailed asserting that <boolean:false> is true.\r\n\r\n\/Users\/ralphschindler\/Projects\/ZFStandardTrunk\/tests\/Zend\/Validate\/BarcodeTest.php:402\r\n\r\n43) Zend_Validate_BarcodeTest::testSSCC\r\nFailed asserting that <boolean:false> is true.\r\n\r\n\/Users\/ralphschindler\/Projects\/ZFStandardTrunk\/tests\/Zend\/Validate\/BarcodeTest.php:413\r\n\r\n44) Zend_Validate_BarcodeTest::testUPCA\r\nFailed asserting that <boolean:false> is true.\r\n\r\n\/Users\/ralphschindler\/Projects\/ZFStandardTrunk\/tests\/Zend\/Validate\/BarcodeTest.php:421\r\n\r\n45) Zend_Validate_BarcodeTest::testUPCE\r\nFailed asserting that <boolean:false> is true.\r\n{code}\r\n\r\nh5. Zend_View_Helper_Currency\r\n\r\n{code}\r\n46) Zend_View_Helper_CurrencyTest::testPassingNonNullNonCurrencyObjectToConstructorThrowsException\r\nFailed asserting that <string:No region found within the locale 'de'> contains \"not found\".\r\n\r\n\/Users\/ralphschindler\/Projects\/ZFStandardTrunk\/tests\/Zend\/View\/Helper\/CurrencyTest.php:140\r\n\r\n47) Zend_View_Helper_CurrencyTest::testPassingNonCurrencyObjectToSetCurrencyThrowsException\r\nFailed asserting that <string:No region found within the locale 'de'> contains \"not found\".\r\n\r\n\/Users\/ralphschindler\/Projects\/ZFStandardTrunk\/tests\/Zend\/View\/Helper\/CurrencyTest.php:149\r\n{code}"
        },
        "priority": {
            "name": "priority",
            "type": "com.atlassian.jira.issue.priority.Priority",
            "value": {
                "self": "http:\/\/fw02.zend.com\/issues\/rest\/api\/latest\/priority\/3",
                "name": "Major"
            }
        },
        "duedate": {
            "name": "duedate",
            "type": "java.util.Date"
        },
        "customfield_10022": {
            "name": "Fix Version Priority",
            "type": "com.atlassian.jira.plugin.system.customfieldtypes:select"
        },
        "watcher": {
            "name": "watcher",
            "type": "watcher",
            "value": {
                "self": "http:\/\/fw02.zend.com\/issues\/rest\/api\/latest\/issue\/ZF-8809\/watchers",
                "isWatching": false,
                "watchCount": 1
            }
        },
        "worklog": {
            "name": "worklog",
            "type": "worklog",
            "value": [

            ]
        },
        "status": {
            "name": "status",
            "type": "com.atlassian.jira.issue.status.Status",
            "value": {
                "self": "http:\/\/fw02.zend.com\/issues\/rest\/api\/latest\/status\/5",
                "name": "Resolved"
            }
        },
        "labels": {
            "name": "labels",
            "type": "com.atlassian.jira.issue.label.Label",
            "value": [

            ]
        },
        "assignee": {
            "name": "assignee",
            "type": "com.opensymphony.user.User",
            "value": {
                "self": "http:\/\/fw02.zend.com\/issues\/rest\/api\/latest\/user?username=ralph",
                "name": "ralph",
                "displayName": "Ralph Schindler",
                "active": true
            }
        },
        "links": {
            "name": "links",
            "type": "issuelinks",
            "value": [
                {
                    "issueKey": "ZF-8347",
                    "issue": "http:\/\/fw02.zend.com\/issues\/rest\/api\/latest\/issue\/ZF-8347",
                    "type": {
                        "name": "Duplicate",
                        "direction": "INBOUND",
                        "description": "is duplicated by"
                    }
                },
                {
                    "issueKey": "ZF-8462",
                    "issue": "http:\/\/fw02.zend.com\/issues\/rest\/api\/latest\/issue\/ZF-8462",
                    "type": {
                        "name": "Related",
                        "direction": "INBOUND",
                        "description": "is related to"
                    }
                }
            ]
        },
        "attachment": {
            "name": "attachment",
            "type": "attachment",
            "value": [
                {
                    "self": "http:\/\/fw02.zend.com\/issues\/rest\/api\/latest\/attachment\/12639",
                    "filename": "AllTestsR20372.txt",
                    "author": {
                        "self": "http:\/\/fw02.zend.com\/issues\/rest\/api\/latest\/user?username=thomas",
                        "name": "thomas",
                        "displayName": "Thomas Weidner",
                        "active": true
                    },
                    "created": "2010-01-18T01:38:37.000+0000",
                    "size": 37715,
                    "mimeType": "text\/plain",
                    "content": "http:\/\/fw02.zend.com\/issues\/secure\/attachment\/12639\/AllTestsR20372.txt"
                },
                {
                    "self": "http:\/\/fw02.zend.com\/issues\/rest\/api\/latest\/attachment\/12626",
                    "filename": "test-run-5.3-64bit.txt",
                    "author": {
                        "self": "http:\/\/fw02.zend.com\/issues\/rest\/api\/latest\/user?username=ralph",
                        "name": "ralph",
                        "displayName": "Ralph Schindler",
                        "active": true
                    },
                    "created": "2010-01-15T06:39:08.000+0000",
                    "size": 28060,
                    "mimeType": "text\/plain",
                    "content": "http:\/\/fw02.zend.com\/issues\/secure\/attachment\/12626\/test-run-5.3-64bit.txt"
                },
                {
                    "self": "http:\/\/fw02.zend.com\/issues\/rest\/api\/latest\/attachment\/12627",
                    "filename": "test-run-win32-5.2.txt",
                    "author": {
                        "self": "http:\/\/fw02.zend.com\/issues\/rest\/api\/latest\/user?username=ralph",
                        "name": "ralph",
                        "displayName": "Ralph Schindler",
                        "active": true
                    },
                    "created": "2010-01-15T06:39:08.000+0000",
                    "size": 20983,
                    "mimeType": "text\/plain",
                    "content": "http:\/\/fw02.zend.com\/issues\/secure\/attachment\/12627\/test-run-win32-5.2.txt"
                },
                {
                    "self": "http:\/\/fw02.zend.com\/issues\/rest\/api\/latest\/attachment\/12622",
                    "filename": "zf8809.r20278.patch",
                    "author": {
                        "self": "http:\/\/fw02.zend.com\/issues\/rest\/api\/latest\/user?username=tech13",
                        "name": "tech13",
                        "displayName": "Michael Rehbein",
                        "active": false
                    },
                    "created": "2010-01-14T10:24:34.000+0000",
                    "size": 2688,
                    "mimeType": "text\/x-diff",
                    "content": "http:\/\/fw02.zend.com\/issues\/secure\/attachment\/12622\/zf8809.r20278.patch"
                }
            ]
        },
        "sub-tasks": {
            "name": "sub-tasks",
            "type": "issuelinks",
            "value": [

            ]
        },
        "versions": {
            "name": "versions",
            "type": "com.atlassian.jira.project.version.Version",
            "value": [

            ]
        },
        "project": {
            "name": "project",
            "type": "com.atlassian.jira.project.Project",
            "value": {
                "self": "http:\/\/fw02.zend.com\/issues\/rest\/api\/latest\/project\/ZF",
                "key": "ZF",
                "name": "Zend Framework",
                "roles": {

                }
            }
        },
        "components": {
            "name": "components",
            "type": "com.atlassian.jira.bc.project.component.ProjectComponent",
            "value": [

            ]
        },
        "comment": {
            "name": "comment",
            "type": "com.atlassian.jira.issue.fields.CommentSystemField",
            "value": [
                {
                    "self": "http:\/\/fw02.zend.com\/issues\/rest\/api\/latest\/comment\/37698",
                    "author": {
                        "self": "http:\/\/fw02.zend.com\/issues\/rest\/api\/latest\/user?username=tech13",
                        "name": "tech13",
                        "displayName": "Michael Rehbein",
                        "active": false
                    },
                    "body": "Partial fix for non-5.3 issues.\r\nOnly was running the MySqli and sqlite tests.\r\n\r\nAlso include adjustments to the tests because many of the tests were being skipped with 'too many connections', so added in the tearDown closing the DB connection.\r\n\r\nHad an issue with:\r\nZend_Db_Table_Pdo_MysqlTest::testTableFetchallCanHandleWhereWithParameritizationCharacters\r\nZend_Db_Statement_Exception: SQLSTATE[HY093]: Invalid parameter number: no parameters were bound\r\nbut it went away when I started looking for it.\r\n\r\nThis patch still leaves the error:\r\nZend_Db_Adapter_Pdo_SqliteTest::testAdapterAlternateStatement\r\nZend_Db_Statement_Exception: SQLSTATE[HY000]: General error: 1 no such table: zfbugs\r\n\r\ntested on Debian Lenny\r\n\r\n",
                    "updateAuthor": {
                        "self": "http:\/\/fw02.zend.com\/issues\/rest\/api\/latest\/user?username=tech13",
                        "name": "tech13",
                        "displayName": "Michael Rehbein",
                        "active": false
                    },
                    "created": "2010-01-14T10:24:34.000+0000",
                    "updated": "2010-01-14T10:24:34.000+0000"
                },
                {
                    "self": "http:\/\/fw02.zend.com\/issues\/rest\/api\/latest\/comment\/37719",
                    "author": {
                        "self": "http:\/\/fw02.zend.com\/issues\/rest\/api\/latest\/user?username=ralph",
                        "name": "ralph",
                        "displayName": "Ralph Schindler",
                        "active": true
                    },
                    "body": "Hey Michael, known issue, and I will be working on it.  Thanks for the heads up!",
                    "updateAuthor": {
                        "self": "http:\/\/fw02.zend.com\/issues\/rest\/api\/latest\/user?username=ralph",
                        "name": "ralph",
                        "displayName": "Ralph Schindler",
                        "active": true
                    },
                    "created": "2010-01-15T06:24:20.000+0000",
                    "updated": "2010-01-15T06:24:20.000+0000"
                },
                {
                    "self": "http:\/\/fw02.zend.com\/issues\/rest\/api\/latest\/comment\/37790",
                    "author": {
                        "self": "http:\/\/fw02.zend.com\/issues\/rest\/api\/latest\/user?username=thomas",
                        "name": "thomas",
                        "displayName": "Thomas Weidner",
                        "active": true
                    },
                    "body": "View_Helper_Currency tests should now pass on trunk and branch.\r\n\r\nI am actually not able to reproduce the other issues on Zend_Date\/Zend_Validate. And I am missing some informations to reproduce. Your file for Windows-Tests is also stripped.\r\n\r\nNote:\r\nIs it possible to output the SVN release where unittests have been made from?\r\nBecause there is no note and some of the mentioned classes like Zend_Validate_Barcode have been undertaken several changes in the last days.\r\n\r\nI will attach my todays result for AllTests on Windows (5.2.11) with default installation and default config file in a few minutes",
                    "updateAuthor": {
                        "self": "http:\/\/fw02.zend.com\/issues\/rest\/api\/latest\/user?username=thomas",
                        "name": "thomas",
                        "displayName": "Thomas Weidner",
                        "active": true
                    },
                    "created": "2010-01-17T23:49:52.000+0000",
                    "updated": "2010-01-17T23:50:53.000+0000"
                },
                {
                    "self": "http:\/\/fw02.zend.com\/issues\/rest\/api\/latest\/comment\/37791",
                    "author": {
                        "self": "http:\/\/fw02.zend.com\/issues\/rest\/api\/latest\/user?username=thomas",
                        "name": "thomas",
                        "displayName": "Thomas Weidner",
                        "active": true
                    },
                    "body": "AllTests for r20372 on WinXP, PHP 5.2.11, default installation & configuration",
                    "updateAuthor": {
                        "self": "http:\/\/fw02.zend.com\/issues\/rest\/api\/latest\/user?username=thomas",
                        "name": "thomas",
                        "displayName": "Thomas Weidner",
                        "active": true
                    },
                    "created": "2010-01-18T01:38:39.000+0000",
                    "updated": "2010-01-18T01:38:39.000+0000"
                }
            ]
        }
    },
    "transitions": "http:\/\/fw02.zend.com\/issues\/rest\/api\/latest\/issue\/ZF-8809\/transitions"
}